{"/home/travis/build/npmtest/node-npmtest-dreamjs/test.js":{"path":"/home/travis/build/npmtest/node-npmtest-dreamjs/test.js","s":{"1":2,"2":2,"3":2,"4":2,"5":2,"6":2,"7":2,"8":1,"9":2,"10":2,"11":1,"12":1,"13":1,"14":1,"15":2,"16":2,"17":2,"18":2,"19":1,"20":1,"21":2,"22":2,"23":2,"24":1,"25":1,"26":1,"27":1,"28":1,"29":1,"30":1,"31":1,"32":1,"33":1,"34":1,"35":1,"36":1,"37":1,"38":1,"39":2,"40":2,"41":1,"42":2,"43":2,"44":1,"45":2,"46":2,"47":1,"48":2,"49":2,"50":1,"51":1,"52":1,"53":1,"54":1},"b":{"1":[2,1,1,1],"2":[1,1,1,1],"3":[1,1],"4":[1,1],"5":[1,1],"6":[1,1],"7":[1,1],"8":[1,1],"9":[1,1],"10":[1,1,1],"11":[1,1],"12":[1,1],"13":[1,1],"14":[1,1],"15":[1,1],"16":[1,1],"17":[1,1]},"f":{"1":2,"2":2,"3":2,"4":2,"5":2,"6":1,"7":1,"8":1,"9":2,"10":2,"11":2,"12":2,"13":1},"fnMap":{"1":{"name":"(anonymous_1)","line":12,"loc":{"start":{"line":12,"column":1},"end":{"line":12,"column":13}}},"2":{"name":"(anonymous_2)","line":19,"loc":{"start":{"line":19,"column":5},"end":{"line":19,"column":17}}},"3":{"name":"(anonymous_3)","line":23,"loc":{"start":{"line":23,"column":24},"end":{"line":23,"column":36}}},"4":{"name":"(anonymous_4)","line":61,"loc":{"start":{"line":61,"column":5},"end":{"line":61,"column":17}}},"5":{"name":"(anonymous_5)","line":82,"loc":{"start":{"line":82,"column":5},"end":{"line":82,"column":17}}},"6":{"name":"(anonymous_6)","line":91,"loc":{"start":{"line":91,"column":77},"end":{"line":94,"column":10}}},"7":{"name":"(anonymous_7)","line":112,"loc":{"start":{"line":112,"column":83},"end":{"line":115,"column":10}},"skip":true},"8":{"name":"(anonymous_8)","line":123,"loc":{"start":{"line":123,"column":77},"end":{"line":126,"column":10}},"skip":true},"9":{"name":"(anonymous_9)","line":139,"loc":{"start":{"line":139,"column":12},"end":{"line":139,"column":40}},"skip":true},"10":{"name":"(anonymous_10)","line":147,"loc":{"start":{"line":147,"column":77},"end":{"line":150,"column":10}},"skip":true},"11":{"name":"(anonymous_11)","line":158,"loc":{"start":{"line":158,"column":83},"end":{"line":161,"column":10}},"skip":true},"12":{"name":"(anonymous_12)","line":169,"loc":{"start":{"line":169,"column":79},"end":{"line":172,"column":10}},"skip":true},"13":{"name":"(anonymous_13)","line":180,"loc":{"start":{"line":180,"column":75},"end":{"line":183,"column":10}},"skip":true}},"statementMap":{"1":{"start":{"line":12,"column":0},"end":{"line":195,"column":5}},"2":{"start":{"line":14,"column":4},"end":{"line":14,"column":14}},"3":{"start":{"line":19,"column":4},"end":{"line":56,"column":9}},"4":{"start":{"line":21,"column":8},"end":{"line":21,"column":19}},"5":{"start":{"line":23,"column":8},"end":{"line":35,"column":13}},"6":{"start":{"line":24,"column":12},"end":{"line":34,"column":13}},"7":{"start":{"line":25,"column":16},"end":{"line":28,"column":30}},"8":{"start":{"line":30,"column":16},"end":{"line":33,"column":27}},"9":{"start":{"line":37,"column":8},"end":{"line":39,"column":21}},"10":{"start":{"line":40,"column":8},"end":{"line":53,"column":9}},"11":{"start":{"line":43,"column":12},"end":{"line":46,"column":14}},"12":{"start":{"line":47,"column":12},"end":{"line":47,"column":18}},"13":{"start":{"line":50,"column":12},"end":{"line":51,"column":33}},"14":{"start":{"line":52,"column":12},"end":{"line":52,"column":18}},"15":{"start":{"line":55,"column":8},"end":{"line":55,"column":35}},"16":{"start":{"line":61,"column":4},"end":{"line":63,"column":9}},"17":{"start":{"line":62,"column":8},"end":{"line":62,"column":15}},"18":{"start":{"line":64,"column":4},"end":{"line":77,"column":5}},"19":{"start":{"line":70,"column":8},"end":{"line":70,"column":14}},"20":{"start":{"line":76,"column":8},"end":{"line":76,"column":14}},"21":{"start":{"line":82,"column":4},"end":{"line":84,"column":9}},"22":{"start":{"line":83,"column":8},"end":{"line":83,"column":15}},"23":{"start":{"line":85,"column":4},"end":{"line":194,"column":5}},"24":{"start":{"line":91,"column":8},"end":{"line":99,"column":10}},"25":{"start":{"line":98,"column":12},"end":{"line":98,"column":35}},"26":{"start":{"line":102,"column":8},"end":{"line":104,"column":63}},"27":{"start":{"line":105,"column":8},"end":{"line":105,"column":14}},"28":{"start":{"line":112,"column":8},"end":{"line":121,"column":10},"skip":true},"29":{"start":{"line":119,"column":12},"end":{"line":119,"column":55},"skip":true},"30":{"start":{"line":120,"column":12},"end":{"line":120,"column":48},"skip":true},"31":{"start":{"line":123,"column":8},"end":{"line":136,"column":10},"skip":true},"32":{"start":{"line":130,"column":12},"end":{"line":130,"column":76},"skip":true},"33":{"start":{"line":131,"column":12},"end":{"line":131,"column":73},"skip":true},"34":{"start":{"line":132,"column":12},"end":{"line":132,"column":74},"skip":true},"35":{"start":{"line":133,"column":12},"end":{"line":133,"column":79},"skip":true},"36":{"start":{"line":134,"column":12},"end":{"line":134,"column":25},"skip":true},"37":{"start":{"line":135,"column":12},"end":{"line":135,"column":45},"skip":true},"38":{"start":{"line":138,"column":8},"end":{"line":145,"column":14},"skip":true},"39":{"start":{"line":143,"column":16},"end":{"line":143,"column":29},"skip":true},"40":{"start":{"line":144,"column":16},"end":{"line":144,"column":55},"skip":true},"41":{"start":{"line":147,"column":8},"end":{"line":156,"column":10},"skip":true},"42":{"start":{"line":154,"column":12},"end":{"line":154,"column":25},"skip":true},"43":{"start":{"line":155,"column":12},"end":{"line":155,"column":45},"skip":true},"44":{"start":{"line":158,"column":8},"end":{"line":167,"column":10},"skip":true},"45":{"start":{"line":165,"column":12},"end":{"line":165,"column":25},"skip":true},"46":{"start":{"line":166,"column":12},"end":{"line":166,"column":48},"skip":true},"47":{"start":{"line":169,"column":8},"end":{"line":178,"column":10},"skip":true},"48":{"start":{"line":176,"column":12},"end":{"line":176,"column":25},"skip":true},"49":{"start":{"line":177,"column":12},"end":{"line":177,"column":46},"skip":true},"50":{"start":{"line":180,"column":8},"end":{"line":189,"column":10},"skip":true},"51":{"start":{"line":187,"column":12},"end":{"line":187,"column":94},"skip":true},"52":{"start":{"line":188,"column":12},"end":{"line":188,"column":48},"skip":true},"53":{"start":{"line":192,"column":8},"end":{"line":192,"column":35},"skip":true},"54":{"start":{"line":193,"column":8},"end":{"line":193,"column":14},"skip":true}},"branchMap":{"1":{"line":25,"type":"binary-expr","locations":[{"start":{"line":25,"column":23},"end":{"line":25,"column":62}},{"start":{"line":26,"column":20},"end":{"line":26,"column":70}},{"start":{"line":27,"column":20},"end":{"line":27,"column":71}},{"start":{"line":28,"column":20},"end":{"line":28,"column":29}}]},"2":{"line":30,"type":"binary-expr","locations":[{"start":{"line":30,"column":23},"end":{"line":30,"column":37}},{"start":{"line":31,"column":20},"end":{"line":31,"column":61}},{"start":{"line":32,"column":20},"end":{"line":32,"column":70}},{"start":{"line":33,"column":20},"end":{"line":33,"column":26}}]},"3":{"line":37,"type":"cond-expr","locations":[{"start":{"line":38,"column":14},"end":{"line":38,"column":20}},{"start":{"line":39,"column":14},"end":{"line":39,"column":20}}]},"4":{"line":40,"type":"switch","locations":[{"start":{"line":42,"column":8},"end":{"line":47,"column":18}},{"start":{"line":49,"column":8},"end":{"line":52,"column":18}}]},"5":{"line":44,"type":"binary-expr","locations":[{"start":{"line":44,"column":16},"end":{"line":44,"column":44}},{"start":{"line":44,"column":48},"end":{"line":44,"column":66}}]},"6":{"line":50,"type":"binary-expr","locations":[{"start":{"line":50,"column":21},"end":{"line":50,"column":49}},{"start":{"line":50,"column":53},"end":{"line":50,"column":72}}]},"7":{"line":64,"type":"switch","locations":[{"start":{"line":69,"column":4},"end":{"line":70,"column":14}},{"start":{"line":75,"column":4},"end":{"line":76,"column":14}}]},"8":{"line":85,"type":"switch","locations":[{"start":{"line":90,"column":4},"end":{"line":105,"column":14}},{"start":{"line":111,"column":4},"end":{"line":193,"column":14},"skip":true}]},"9":{"line":91,"type":"binary-expr","locations":[{"start":{"line":91,"column":42},"end":{"line":91,"column":73}},{"start":{"line":91,"column":77},"end":{"line":99,"column":9}}]},"10":{"line":102,"type":"binary-expr","locations":[{"start":{"line":102,"column":18},"end":{"line":102,"column":32}},{"start":{"line":103,"column":12},"end":{"line":103,"column":53}},{"start":{"line":104,"column":12},"end":{"line":104,"column":61}}]},"11":{"line":112,"type":"binary-expr","locations":[{"start":{"line":112,"column":45},"end":{"line":112,"column":79},"skip":true},{"start":{"line":112,"column":83},"end":{"line":121,"column":9},"skip":true}]},"12":{"line":123,"type":"binary-expr","locations":[{"start":{"line":123,"column":42},"end":{"line":123,"column":73},"skip":true},{"start":{"line":123,"column":77},"end":{"line":136,"column":9},"skip":true}]},"13":{"line":138,"type":"binary-expr","locations":[{"start":{"line":138,"column":48},"end":{"line":138,"column":85},"skip":true},{"start":{"line":139,"column":12},"end":{"line":145,"column":13},"skip":true}]},"14":{"line":147,"type":"binary-expr","locations":[{"start":{"line":147,"column":42},"end":{"line":147,"column":73},"skip":true},{"start":{"line":147,"column":77},"end":{"line":156,"column":9},"skip":true}]},"15":{"line":158,"type":"binary-expr","locations":[{"start":{"line":158,"column":45},"end":{"line":158,"column":79},"skip":true},{"start":{"line":158,"column":83},"end":{"line":167,"column":9},"skip":true}]},"16":{"line":169,"type":"binary-expr","locations":[{"start":{"line":169,"column":43},"end":{"line":169,"column":75},"skip":true},{"start":{"line":169,"column":79},"end":{"line":178,"column":9},"skip":true}]},"17":{"line":180,"type":"binary-expr","locations":[{"start":{"line":180,"column":41},"end":{"line":180,"column":71},"skip":true},{"start":{"line":180,"column":75},"end":{"line":189,"column":9},"skip":true}]}},"code":["/* istanbul instrument in package npmtest_dreamjs */","/*jslint","    bitwise: true,","    browser: true,","    maxerr: 8,","    maxlen: 96,","    node: true,","    nomen: true,","    regexp: true,","    stupid: true","*/","(function () {","    'use strict';","    var local;","","","","    // run shared js-env code - pre-init","    (function () {","        // init local","        local = {};","        // init modeJs","        local.modeJs = (function () {","            try {","                return typeof navigator.userAgent === 'string' &&","                    typeof document.querySelector('body') === 'object' &&","                    typeof XMLHttpRequest.prototype.open === 'function' &&","                    'browser';","            } catch (errorCaughtBrowser) {","                return module.exports &&","                    typeof process.versions.node === 'string' &&","                    typeof require('http').createServer === 'function' &&","                    'node';","            }","        }());","        // init global","        local.global = local.modeJs === 'browser'","            ? window","            : global;","        switch (local.modeJs) {","        // re-init local from window.local","        case 'browser':","            local = local.global.utility2.objectSetDefault(","                local.global.utility2_rollup || local.global.local,","                local.global.utility2","            );","            break;","        // re-init local from example.js","        case 'node':","            local = (local.global.utility2_rollup || require('utility2'))","                .requireReadme();","            break;","        }","        // export local","        local.global.local = local;","    }());","","","","    // run shared js-env code - function","    (function () {","        return;","    }());","    switch (local.modeJs) {","","","","    // run browser js-env code - function","    case 'browser':","        break;","","","","    // run node js-env code - function","    case 'node':","        break;","    }","","","","    // run shared js-env code - post-init","    (function () {","        return;","    }());","    switch (local.modeJs) {","","","","    // run browser js-env code - post-init","    case 'browser':","        local.testCase_browser_nullCase = local.testCase_browser_nullCase || function (","            options,","            onError","        ) {","        /*","         * this function will test browsers's null-case handling-behavior-behavior","         */","            onError(null, options);","        };","","        // run tests","        local.nop(local.modeTest &&","            document.querySelector('#testRunButton1') &&","            document.querySelector('#testRunButton1').click());","        break;","","","","    // run node js-env code - post-init","    /* istanbul ignore next */","    case 'node':","        local.testCase_buildApidoc_default = local.testCase_buildApidoc_default || function (","            options,","            onError","        ) {","        /*","         * this function will test buildApidoc's default handling-behavior-behavior","         */","            options = { modulePathList: module.paths };","            local.buildApidoc(options, onError);","        };","","        local.testCase_buildApp_default = local.testCase_buildApp_default || function (","            options,","            onError","        ) {","        /*","         * this function will test buildApp's default handling-behavior-behavior","         */","            local.testCase_buildReadme_default(options, local.onErrorThrow);","            local.testCase_buildLib_default(options, local.onErrorThrow);","            local.testCase_buildTest_default(options, local.onErrorThrow);","            local.testCase_buildCustomOrg_default(options, local.onErrorThrow);","            options = [];","            local.buildApp(options, onError);","        };","","        local.testCase_buildCustomOrg_default = local.testCase_buildCustomOrg_default ||","            function (options, onError) {","            /*","             * this function will test buildCustomOrg's default handling-behavior","             */","                options = {};","                local.buildCustomOrg(options, onError);","            };","","        local.testCase_buildLib_default = local.testCase_buildLib_default || function (","            options,","            onError","        ) {","        /*","         * this function will test buildLib's default handling-behavior","         */","            options = {};","            local.buildLib(options, onError);","        };","","        local.testCase_buildReadme_default = local.testCase_buildReadme_default || function (","            options,","            onError","        ) {","        /*","         * this function will test buildReadme's default handling-behavior-behavior","         */","            options = {};","            local.buildReadme(options, onError);","        };","","        local.testCase_buildTest_default = local.testCase_buildTest_default || function (","            options,","            onError","        ) {","        /*","         * this function will test buildTest's default handling-behavior","         */","            options = {};","            local.buildTest(options, onError);","        };","","        local.testCase_webpage_default = local.testCase_webpage_default || function (","            options,","            onError","        ) {","        /*","         * this function will test webpage's default handling-behavior","         */","            options = { modeCoverageMerge: true, url: local.serverLocalHost + '?modeTest=1' };","            local.browserTest(options, onError);","        };","","        // run test-server","        local.testRunServer(local);","        break;","    }","}());",""],"l":{"12":2,"14":2,"19":2,"21":2,"23":2,"24":2,"25":2,"30":1,"37":2,"40":2,"43":1,"47":1,"50":1,"52":1,"55":2,"61":2,"62":2,"64":2,"70":1,"76":1,"82":2,"83":2,"85":2,"91":1,"98":1,"102":1,"105":1,"112":1,"119":1,"120":1,"123":1,"130":1,"131":1,"132":1,"133":1,"134":1,"135":1,"138":1,"143":2,"144":2,"147":1,"154":2,"155":2,"158":1,"165":2,"166":2,"169":1,"176":2,"177":2,"180":1,"187":1,"188":1,"192":1,"193":1}},"/home/travis/build/npmtest/node-npmtest-dreamjs/lib.npmtest_dreamjs.js":{"path":"/home/travis/build/npmtest/node-npmtest-dreamjs/lib.npmtest_dreamjs.js","s":{"1":2,"2":2,"3":2,"4":2,"5":2,"6":2,"7":2,"8":1,"9":2,"10":2,"11":2,"12":2,"13":1,"14":1,"15":1,"16":1},"b":{"1":[2,1,1,1],"2":[1,1,1,1],"3":[1,1],"4":[2,2],"5":[1,1]},"f":{"1":2,"2":2,"3":2},"fnMap":{"1":{"name":"(anonymous_1)","line":12,"loc":{"start":{"line":12,"column":1},"end":{"line":12,"column":13}}},"2":{"name":"(anonymous_2)","line":19,"loc":{"start":{"line":19,"column":5},"end":{"line":19,"column":17}}},"3":{"name":"(anonymous_3)","line":23,"loc":{"start":{"line":23,"column":24},"end":{"line":23,"column":36}}}},"statementMap":{"1":{"start":{"line":12,"column":0},"end":{"line":53,"column":5}},"2":{"start":{"line":14,"column":4},"end":{"line":14,"column":14}},"3":{"start":{"line":19,"column":4},"end":{"line":52,"column":9}},"4":{"start":{"line":21,"column":8},"end":{"line":21,"column":19}},"5":{"start":{"line":23,"column":8},"end":{"line":35,"column":13}},"6":{"start":{"line":24,"column":12},"end":{"line":34,"column":13}},"7":{"start":{"line":25,"column":16},"end":{"line":28,"column":30}},"8":{"start":{"line":30,"column":16},"end":{"line":33,"column":27}},"9":{"start":{"line":37,"column":8},"end":{"line":39,"column":21}},"10":{"start":{"line":41,"column":8},"end":{"line":41,"column":54}},"11":{"start":{"line":43,"column":8},"end":{"line":43,"column":52}},"12":{"start":{"line":45,"column":8},"end":{"line":51,"column":9}},"13":{"start":{"line":46,"column":12},"end":{"line":46,"column":58}},"14":{"start":{"line":48,"column":12},"end":{"line":48,"column":35}},"15":{"start":{"line":49,"column":12},"end":{"line":49,"column":49}},"16":{"start":{"line":50,"column":12},"end":{"line":50,"column":43}}},"branchMap":{"1":{"line":25,"type":"binary-expr","locations":[{"start":{"line":25,"column":23},"end":{"line":25,"column":62}},{"start":{"line":26,"column":20},"end":{"line":26,"column":70}},{"start":{"line":27,"column":20},"end":{"line":27,"column":71}},{"start":{"line":28,"column":20},"end":{"line":28,"column":29}}]},"2":{"line":30,"type":"binary-expr","locations":[{"start":{"line":30,"column":23},"end":{"line":30,"column":37}},{"start":{"line":31,"column":20},"end":{"line":31,"column":61}},{"start":{"line":32,"column":20},"end":{"line":32,"column":70}},{"start":{"line":33,"column":20},"end":{"line":33,"column":26}}]},"3":{"line":37,"type":"cond-expr","locations":[{"start":{"line":38,"column":14},"end":{"line":38,"column":20}},{"start":{"line":39,"column":14},"end":{"line":39,"column":20}}]},"4":{"line":41,"type":"binary-expr","locations":[{"start":{"line":41,"column":16},"end":{"line":41,"column":44}},{"start":{"line":41,"column":48},"end":{"line":41,"column":53}}]},"5":{"line":45,"type":"if","locations":[{"start":{"line":45,"column":8},"end":{"line":45,"column":8}},{"start":{"line":45,"column":8},"end":{"line":45,"column":8}}]}},"code":["/* istanbul instrument in package npmtest_dreamjs */","/*jslint","    bitwise: true,","    browser: true,","    maxerr: 8,","    maxlen: 96,","    node: true,","    nomen: true,","    regexp: true,","    stupid: true","*/","(function () {","    'use strict';","    var local;","","","","    // run shared js-env code - pre-init","    (function () {","        // init local","        local = {};","        // init modeJs","        local.modeJs = (function () {","            try {","                return typeof navigator.userAgent === 'string' &&","                    typeof document.querySelector('body') === 'object' &&","                    typeof XMLHttpRequest.prototype.open === 'function' &&","                    'browser';","            } catch (errorCaughtBrowser) {","                return module.exports &&","                    typeof process.versions.node === 'string' &&","                    typeof require('http').createServer === 'function' &&","                    'node';","            }","        }());","        // init global","        local.global = local.modeJs === 'browser'","            ? window","            : global;","        // init utility2_rollup","        local = local.global.utility2_rollup || local;","        // init lib","        local.local = local.npmtest_dreamjs = local;","        // init exports","        if (local.modeJs === 'browser') {","            local.global.utility2_npmtest_dreamjs = local;","        } else {","            module.exports = local;","            module.exports.__dirname = __dirname;","            module.exports.module = module;","        }","    }());","}());",""],"l":{"12":2,"14":2,"19":2,"21":2,"23":2,"24":2,"25":2,"30":1,"37":2,"41":2,"43":2,"45":2,"46":1,"48":1,"49":1,"50":1}},"/home/travis/build/npmtest/node-npmtest-dreamjs/example.js":{"path":"/home/travis/build/npmtest/node-npmtest-dreamjs/example.js","s":{"1":2,"2":2,"3":2,"4":2,"5":2,"6":2,"7":2,"8":1,"9":2,"10":2,"11":2,"12":2,"13":1,"14":2,"15":2,"16":2,"17":2,"18":2,"19":0,"20":2,"21":1,"22":1,"23":1,"24":1,"25":1,"26":0,"27":0,"28":1,"29":1,"30":2,"31":0,"32":0,"33":0,"34":1,"35":2,"36":2,"37":3,"38":3,"39":3,"40":3,"41":0,"42":3,"43":3,"44":3,"45":1,"46":3,"47":1,"48":1,"49":1,"50":1,"51":1,"52":1,"53":1,"54":1,"55":1,"56":1,"57":0,"58":1,"59":6,"60":6,"61":1,"62":2,"63":0,"64":2,"65":1,"66":1,"67":0,"68":0,"69":0,"70":0,"71":0,"72":0,"73":0,"74":0,"75":0,"76":0,"77":0,"78":0,"79":0,"80":0,"81":0,"82":0,"83":0},"b":{"1":[2,1,1,1],"2":[1,1,1,1],"3":[1,1],"4":[2,2],"5":[1,1],"6":[1,1],"7":[2,0],"8":[2,1,1,1,1,1],"9":[0,2,0],"10":[1,1],"11":[2,1,1],"12":[1,0],"13":[0,2],"14":[2,0,0,0,0,0,0],"15":[0,3],"16":[3,0],"17":[1,1],"18":[0,1],"19":[1,2,0,2],"20":[1,0],"21":[1,1],"22":[0,0],"23":[0,0],"24":[0,0],"25":[0,0],"26":[0,0],"27":[0,0],"28":[0,0]},"f":{"1":2,"2":2,"3":2,"4":2,"5":2,"6":2,"7":3,"8":3,"9":3,"10":1,"11":6,"12":0},"fnMap":{"1":{"name":"(anonymous_1)","line":26,"loc":{"start":{"line":26,"column":1},"end":{"line":26,"column":13}}},"2":{"name":"(anonymous_2)","line":33,"loc":{"start":{"line":33,"column":5},"end":{"line":33,"column":17}}},"3":{"name":"(anonymous_3)","line":37,"loc":{"start":{"line":37,"column":24},"end":{"line":37,"column":36}}},"4":{"name":"(anonymous_4)","line":69,"loc":{"start":{"line":69,"column":31},"end":{"line":69,"column":48}},"skip":true},"5":{"name":"(anonymous_5)","line":78,"loc":{"start":{"line":78,"column":26},"end":{"line":78,"column":45}},"skip":true},"6":{"name":"(anonymous_6)","line":123,"loc":{"start":{"line":123,"column":33},"end":{"line":123,"column":48}},"skip":true},"7":{"name":"(anonymous_7)","line":125,"loc":{"start":{"line":125,"column":27},"end":{"line":125,"column":39}},"skip":true},"8":{"name":"(anonymous_8)","line":133,"loc":{"start":{"line":133,"column":59},"end":{"line":133,"column":74}},"skip":true},"9":{"name":"(anonymous_9)","line":143,"loc":{"start":{"line":143,"column":45},"end":{"line":143,"column":62}},"skip":true},"10":{"name":"(anonymous_10)","line":144,"loc":{"start":{"line":144,"column":73},"end":{"line":144,"column":92}},"skip":true},"11":{"name":"(anonymous_11)","line":272,"loc":{"start":{"line":272,"column":51},"end":{"line":272,"column":77}},"skip":true},"12":{"name":"(anonymous_12)","line":315,"loc":{"start":{"line":315,"column":32},"end":{"line":315,"column":61}},"skip":true}},"statementMap":{"1":{"start":{"line":26,"column":0},"end":{"line":326,"column":5}},"2":{"start":{"line":28,"column":4},"end":{"line":28,"column":14}},"3":{"start":{"line":33,"column":4},"end":{"line":60,"column":9}},"4":{"start":{"line":35,"column":8},"end":{"line":35,"column":19}},"5":{"start":{"line":37,"column":8},"end":{"line":49,"column":13}},"6":{"start":{"line":38,"column":12},"end":{"line":48,"column":13}},"7":{"start":{"line":39,"column":16},"end":{"line":42,"column":30}},"8":{"start":{"line":44,"column":16},"end":{"line":47,"column":27}},"9":{"start":{"line":51,"column":8},"end":{"line":53,"column":21}},"10":{"start":{"line":55,"column":8},"end":{"line":57,"column":45}},"11":{"start":{"line":59,"column":8},"end":{"line":59,"column":35}},"12":{"start":{"line":61,"column":4},"end":{"line":325,"column":5}},"13":{"start":{"line":69,"column":8},"end":{"line":121,"column":10},"skip":true},"14":{"start":{"line":70,"column":12},"end":{"line":88,"column":13},"skip":true},"15":{"start":{"line":76,"column":16},"end":{"line":87,"column":19},"skip":true},"16":{"start":{"line":79,"column":20},"end":{"line":86,"column":21},"skip":true},"17":{"start":{"line":82,"column":24},"end":{"line":82,"column":43},"skip":true},"18":{"start":{"line":83,"column":24},"end":{"line":83,"column":30},"skip":true},"19":{"start":{"line":85,"column":24},"end":{"line":85,"column":49},"skip":true},"20":{"start":{"line":89,"column":12},"end":{"line":107,"column":13},"skip":true},"21":{"start":{"line":92,"column":16},"end":{"line":102,"column":17},"skip":true},"22":{"start":{"line":93,"column":20},"end":{"line":93,"column":86},"skip":true},"23":{"start":{"line":94,"column":20},"end":{"line":95,"column":45},"skip":true},"24":{"start":{"line":96,"column":20},"end":{"line":96,"column":42},"skip":true},"25":{"start":{"line":97,"column":20},"end":{"line":97,"column":48},"skip":true},"26":{"start":{"line":100,"column":20},"end":{"line":100,"column":85},"skip":true},"27":{"start":{"line":101,"column":20},"end":{"line":101,"column":96},"skip":true},"28":{"start":{"line":103,"column":16},"end":{"line":103,"column":22},"skip":true},"29":{"start":{"line":106,"column":16},"end":{"line":106,"column":22},"skip":true},"30":{"start":{"line":108,"column":12},"end":{"line":120,"column":13},"skip":true},"31":{"start":{"line":114,"column":16},"end":{"line":119,"column":17},"skip":true},"32":{"start":{"line":116,"column":20},"end":{"line":116,"column":78},"skip":true},"33":{"start":{"line":118,"column":20},"end":{"line":118,"column":47},"skip":true},"34":{"start":{"line":123,"column":8},"end":{"line":141,"column":11},"skip":true},"35":{"start":{"line":124,"column":12},"end":{"line":124,"column":54},"skip":true},"36":{"start":{"line":125,"column":12},"end":{"line":140,"column":14},"skip":true},"37":{"start":{"line":126,"column":16},"end":{"line":126,"column":28},"skip":true},"38":{"start":{"line":127,"column":16},"end":{"line":127,"column":69},"skip":true},"39":{"start":{"line":128,"column":16},"end":{"line":128,"column":75},"skip":true},"40":{"start":{"line":129,"column":16},"end":{"line":131,"column":17},"skip":true},"41":{"start":{"line":130,"column":20},"end":{"line":130,"column":27},"skip":true},"42":{"start":{"line":133,"column":16},"end":{"line":137,"column":36},"skip":true},"43":{"start":{"line":134,"column":20},"end":{"line":136,"column":55},"skip":true},"44":{"start":{"line":139,"column":16},"end":{"line":139,"column":57},"skip":true},"45":{"start":{"line":143,"column":8},"end":{"line":147,"column":11},"skip":true},"46":{"start":{"line":144,"column":12},"end":{"line":146,"column":15},"skip":true},"47":{"start":{"line":145,"column":16},"end":{"line":145,"column":70},"skip":true},"48":{"start":{"line":149,"column":8},"end":{"line":149,"column":31},"skip":true},"49":{"start":{"line":150,"column":8},"end":{"line":150,"column":14},"skip":true},"50":{"start":{"line":158,"column":8},"end":{"line":158,"column":31},"skip":true},"51":{"start":{"line":160,"column":8},"end":{"line":160,"column":33},"skip":true},"52":{"start":{"line":161,"column":8},"end":{"line":161,"column":37},"skip":true},"53":{"start":{"line":162,"column":8},"end":{"line":162,"column":35},"skip":true},"54":{"start":{"line":164,"column":8},"end":{"line":164,"column":50},"skip":true},"55":{"start":{"line":166,"column":8},"end":{"line":256,"column":2},"skip":true},"56":{"start":{"line":258,"column":8},"end":{"line":286,"column":9},"skip":true},"57":{"start":{"line":259,"column":12},"end":{"line":269,"column":14},"skip":true},"58":{"start":{"line":271,"column":12},"end":{"line":285,"column":19},"skip":true},"59":{"start":{"line":274,"column":20},"end":{"line":274,"column":35},"skip":true},"60":{"start":{"line":275,"column":20},"end":{"line":284,"column":21},"skip":true},"61":{"start":{"line":277,"column":24},"end":{"line":277,"column":64},"skip":true},"62":{"start":{"line":279,"column":24},"end":{"line":279,"column":40},"skip":true},"63":{"start":{"line":281,"column":24},"end":{"line":281,"column":40},"skip":true},"64":{"start":{"line":283,"column":24},"end":{"line":283,"column":39},"skip":true},"65":{"start":{"line":288,"column":8},"end":{"line":290,"column":9},"skip":true},"66":{"start":{"line":289,"column":12},"end":{"line":289,"column":18},"skip":true},"67":{"start":{"line":291,"column":8},"end":{"line":293,"column":54},"skip":true},"68":{"start":{"line":296,"column":8},"end":{"line":301,"column":37},"skip":true},"69":{"start":{"line":303,"column":8},"end":{"line":303,"column":82},"skip":true},"70":{"start":{"line":306,"column":8},"end":{"line":308,"column":9},"skip":true},"71":{"start":{"line":307,"column":12},"end":{"line":307,"column":82},"skip":true},"72":{"start":{"line":310,"column":8},"end":{"line":312,"column":9},"skip":true},"73":{"start":{"line":311,"column":12},"end":{"line":311,"column":18},"skip":true},"74":{"start":{"line":313,"column":8},"end":{"line":313,"column":54},"skip":true},"75":{"start":{"line":314,"column":8},"end":{"line":314,"column":69},"skip":true},"76":{"start":{"line":315,"column":8},"end":{"line":323,"column":36},"skip":true},"77":{"start":{"line":316,"column":12},"end":{"line":316,"column":61},"skip":true},"78":{"start":{"line":317,"column":12},"end":{"line":320,"column":13},"skip":true},"79":{"start":{"line":318,"column":16},"end":{"line":318,"column":75},"skip":true},"80":{"start":{"line":319,"column":16},"end":{"line":319,"column":23},"skip":true},"81":{"start":{"line":321,"column":12},"end":{"line":321,"column":38},"skip":true},"82":{"start":{"line":322,"column":12},"end":{"line":322,"column":27},"skip":true},"83":{"start":{"line":324,"column":8},"end":{"line":324,"column":14},"skip":true}},"branchMap":{"1":{"line":39,"type":"binary-expr","locations":[{"start":{"line":39,"column":23},"end":{"line":39,"column":62}},{"start":{"line":40,"column":20},"end":{"line":40,"column":70}},{"start":{"line":41,"column":20},"end":{"line":41,"column":71}},{"start":{"line":42,"column":20},"end":{"line":42,"column":29}}]},"2":{"line":44,"type":"binary-expr","locations":[{"start":{"line":44,"column":23},"end":{"line":44,"column":37}},{"start":{"line":45,"column":20},"end":{"line":45,"column":61}},{"start":{"line":46,"column":20},"end":{"line":46,"column":70}},{"start":{"line":47,"column":20},"end":{"line":47,"column":26}}]},"3":{"line":51,"type":"cond-expr","locations":[{"start":{"line":52,"column":14},"end":{"line":52,"column":20}},{"start":{"line":53,"column":14},"end":{"line":53,"column":20}}]},"4":{"line":55,"type":"binary-expr","locations":[{"start":{"line":55,"column":16},"end":{"line":55,"column":44}},{"start":{"line":55,"column":49},"end":{"line":57,"column":43}}]},"5":{"line":55,"type":"cond-expr","locations":[{"start":{"line":56,"column":14},"end":{"line":56,"column":51}},{"start":{"line":57,"column":14},"end":{"line":57,"column":43}}]},"6":{"line":61,"type":"switch","locations":[{"start":{"line":68,"column":4},"end":{"line":150,"column":14},"skip":true},{"start":{"line":156,"column":4},"end":{"line":324,"column":14},"skip":true}]},"7":{"line":70,"type":"if","locations":[{"start":{"line":70,"column":12},"end":{"line":70,"column":12},"skip":true},{"start":{"line":70,"column":12},"end":{"line":70,"column":12},"skip":true}]},"8":{"line":70,"type":"binary-expr","locations":[{"start":{"line":70,"column":16},"end":{"line":70,"column":22},"skip":true},{"start":{"line":70,"column":27},"end":{"line":70,"column":32},"skip":true},{"start":{"line":71,"column":20},"end":{"line":71,"column":39},"skip":true},{"start":{"line":72,"column":20},"end":{"line":72,"column":49},"skip":true},{"start":{"line":73,"column":20},"end":{"line":73,"column":58},"skip":true},{"start":{"line":74,"column":20},"end":{"line":74,"column":69},"skip":true}]},"9":{"line":79,"type":"switch","locations":[{"start":{"line":80,"column":20},"end":{"line":80,"column":33},"skip":true},{"start":{"line":81,"column":20},"end":{"line":83,"column":30},"skip":true},{"start":{"line":84,"column":20},"end":{"line":85,"column":49},"skip":true}]},"10":{"line":89,"type":"switch","locations":[{"start":{"line":90,"column":12},"end":{"line":103,"column":22},"skip":true},{"start":{"line":105,"column":12},"end":{"line":106,"column":22},"skip":true}]},"11":{"line":89,"type":"binary-expr","locations":[{"start":{"line":89,"column":20},"end":{"line":89,"column":25},"skip":true},{"start":{"line":89,"column":29},"end":{"line":89,"column":48},"skip":true},{"start":{"line":89,"column":52},"end":{"line":89,"column":74},"skip":true}]},"12":{"line":92,"type":"if","locations":[{"start":{"line":92,"column":16},"end":{"line":92,"column":16},"skip":true},{"start":{"line":92,"column":16},"end":{"line":92,"column":16},"skip":true}]},"13":{"line":108,"type":"if","locations":[{"start":{"line":108,"column":12},"end":{"line":108,"column":12},"skip":true},{"start":{"line":108,"column":12},"end":{"line":108,"column":12},"skip":true}]},"14":{"line":108,"type":"binary-expr","locations":[{"start":{"line":108,"column":16},"end":{"line":108,"column":61},"skip":true},{"start":{"line":108,"column":66},"end":{"line":108,"column":72},"skip":true},{"start":{"line":108,"column":77},"end":{"line":108,"column":82},"skip":true},{"start":{"line":109,"column":20},"end":{"line":109,"column":39},"skip":true},{"start":{"line":110,"column":20},"end":{"line":110,"column":49},"skip":true},{"start":{"line":111,"column":20},"end":{"line":111,"column":58},"skip":true},{"start":{"line":112,"column":20},"end":{"line":112,"column":68},"skip":true}]},"15":{"line":129,"type":"if","locations":[{"start":{"line":129,"column":16},"end":{"line":129,"column":16},"skip":true},{"start":{"line":129,"column":16},"end":{"line":129,"column":16},"skip":true}]},"16":{"line":134,"type":"cond-expr","locations":[{"start":{"line":135,"column":26},"end":{"line":135,"column":29},"skip":true},{"start":{"line":136,"column":26},"end":{"line":136,"column":54},"skip":true}]},"17":{"line":164,"type":"binary-expr","locations":[{"start":{"line":164,"column":27},"end":{"line":164,"column":43},"skip":true},{"start":{"line":164,"column":47},"end":{"line":164,"column":49},"skip":true}]},"18":{"line":258,"type":"if","locations":[{"start":{"line":258,"column":8},"end":{"line":258,"column":8},"skip":true},{"start":{"line":258,"column":8},"end":{"line":258,"column":8},"skip":true}]},"19":{"line":275,"type":"switch","locations":[{"start":{"line":276,"column":20},"end":{"line":277,"column":64},"skip":true},{"start":{"line":278,"column":20},"end":{"line":279,"column":40},"skip":true},{"start":{"line":280,"column":20},"end":{"line":281,"column":40},"skip":true},{"start":{"line":282,"column":20},"end":{"line":283,"column":39},"skip":true}]},"20":{"line":288,"type":"if","locations":[{"start":{"line":288,"column":8},"end":{"line":288,"column":8},"skip":true},{"start":{"line":288,"column":8},"end":{"line":288,"column":8},"skip":true}]},"21":{"line":288,"type":"binary-expr","locations":[{"start":{"line":288,"column":12},"end":{"line":288,"column":40},"skip":true},{"start":{"line":288,"column":44},"end":{"line":288,"column":67},"skip":true}]},"22":{"line":292,"type":"binary-expr","locations":[{"start":{"line":292,"column":12},"end":{"line":292,"column":50},"skip":true},{"start":{"line":293,"column":12},"end":{"line":293,"column":53},"skip":true}]},"23":{"line":297,"type":"binary-expr","locations":[{"start":{"line":297,"column":12},"end":{"line":297,"column":65},"skip":true},{"start":{"line":298,"column":12},"end":{"line":301,"column":36},"skip":true}]},"24":{"line":303,"type":"binary-expr","locations":[{"start":{"line":303,"column":43},"end":{"line":303,"column":75},"skip":true},{"start":{"line":303,"column":79},"end":{"line":303,"column":81},"skip":true}]},"25":{"line":306,"type":"if","locations":[{"start":{"line":306,"column":8},"end":{"line":306,"column":8},"skip":true},{"start":{"line":306,"column":8},"end":{"line":306,"column":8},"skip":true}]},"26":{"line":310,"type":"if","locations":[{"start":{"line":310,"column":8},"end":{"line":310,"column":8},"skip":true},{"start":{"line":310,"column":8},"end":{"line":310,"column":8},"skip":true}]},"27":{"line":313,"type":"binary-expr","locations":[{"start":{"line":313,"column":27},"end":{"line":313,"column":43},"skip":true},{"start":{"line":313,"column":47},"end":{"line":313,"column":53},"skip":true}]},"28":{"line":317,"type":"if","locations":[{"start":{"line":317,"column":12},"end":{"line":317,"column":12},"skip":true},{"start":{"line":317,"column":12},"end":{"line":317,"column":12},"skip":true}]}},"code":["/*","example.js","","quickstart example","","instruction","    1. save this script as example.js","    2. run the shell command:","        $ npm install npmtest-dreamjs && PORT=8081 node example.js","    3. play with the browser-demo on http://127.0.0.1:8081","*/","","","","/* istanbul instrument in package npmtest_dreamjs */","/*jslint","    bitwise: true,","    browser: true,","    maxerr: 8,","    maxlen: 96,","    node: true,","    nomen: true,","    regexp: true,","    stupid: true","*/","(function () {","    'use strict';","    var local;","","","","    // run shared js-env code - pre-init","    (function () {","        // init local","        local = {};","        // init modeJs","        local.modeJs = (function () {","            try {","                return typeof navigator.userAgent === 'string' &&","                    typeof document.querySelector('body') === 'object' &&","                    typeof XMLHttpRequest.prototype.open === 'function' &&","                    'browser';","            } catch (errorCaughtBrowser) {","                return module.exports &&","                    typeof process.versions.node === 'string' &&","                    typeof require('http').createServer === 'function' &&","                    'node';","            }","        }());","        // init global","        local.global = local.modeJs === 'browser'","            ? window","            : global;","        // init utility2_rollup","        local = local.global.utility2_rollup || (local.modeJs === 'browser'","            ? local.global.utility2_npmtest_dreamjs","            : global.utility2_moduleExports);","        // export local","        local.global.local = local;","    }());","    switch (local.modeJs) {","","","","    // post-init","    // run browser js-env code - post-init","    /* istanbul ignore next */","    case 'browser':","        local.testRunBrowser = function (event) {","            if (!event || (event &&","                    event.currentTarget &&","                    event.currentTarget.className &&","                    event.currentTarget.className.includes &&","                    event.currentTarget.className.includes('onreset'))) {","                // reset output","                Array.from(","                    document.querySelectorAll('body > .resettable')","                ).forEach(function (element) {","                    switch (element.tagName) {","                    case 'INPUT':","                    case 'TEXTAREA':","                        element.value = '';","                        break;","                    default:","                        element.textContent = '';","                    }","                });","            }","            switch (event && event.currentTarget && event.currentTarget.id) {","            case 'testRunButton1':","                // show tests","                if (document.querySelector('#testReportDiv1').style.display === 'none') {","                    document.querySelector('#testReportDiv1').style.display = 'block';","                    document.querySelector('#testRunButton1').textContent =","                        'hide internal test';","                    local.modeTest = true;","                    local.testRunDefault(local);","                // hide tests","                } else {","                    document.querySelector('#testReportDiv1').style.display = 'none';","                    document.querySelector('#testRunButton1').textContent = 'run internal test';","                }","                break;","            // custom-case","            default:","                break;","            }","            if (document.querySelector('#inputTextareaEval1') && (!event || (event &&","                    event.currentTarget &&","                    event.currentTarget.className &&","                    event.currentTarget.className.includes &&","                    event.currentTarget.className.includes('oneval')))) {","                // try to eval input-code","                try {","                    /*jslint evil: true*/","                    eval(document.querySelector('#inputTextareaEval1').value);","                } catch (errorCaught) {","                    console.error(errorCaught);","                }","            }","        };","        // log stderr and stdout to #outputTextareaStdout1","        ['error', 'log'].forEach(function (key) {","            console[key + '_original'] = console[key];","            console[key] = function () {","                var element;","                console[key + '_original'].apply(console, arguments);","                element = document.querySelector('#outputTextareaStdout1');","                if (!element) {","                    return;","                }","                // append text to #outputTextareaStdout1","                element.value += Array.from(arguments).map(function (arg) {","                    return typeof arg === 'string'","                        ? arg","                        : JSON.stringify(arg, null, 4);","                }).join(' ') + '\\n';","                // scroll textarea to bottom","                element.scrollTop = element.scrollHeight;","            };","        });","        // init event-handling","        ['change', 'click', 'keyup'].forEach(function (event) {","            Array.from(document.querySelectorAll('.on' + event)).forEach(function (element) {","                element.addEventListener(event, local.testRunBrowser);","            });","        });","        // run tests","        local.testRunBrowser();","        break;","","","","    // run node js-env code - post-init","    /* istanbul ignore next */","    case 'node':","        // export local","        module.exports = local;","        // require modules","        local.fs = require('fs');","        local.http = require('http');","        local.url = require('url');","        // init assets","        local.assetsDict = local.assetsDict || {};","        /* jslint-ignore-begin */","        local.assetsDict['/assets.index.template.html'] = '\\","<!doctype html>\\n\\","<html lang=\"en\">\\n\\","<head>\\n\\","<meta charset=\"UTF-8\">\\n\\","<meta name=\"viewport\" content=\"width=device-width, initial-scale=1\">\\n\\","<title>{{env.npm_package_name}} (v{{env.npm_package_version}})</title>\\n\\","<style>\\n\\","/*csslint\\n\\","    box-sizing: false,\\n\\","    universal-selector: false\\n\\","*/\\n\\","* {\\n\\","    box-sizing: border-box;\\n\\","}\\n\\","body {\\n\\","    background: #dde;\\n\\","    font-family: Arial, Helvetica, sans-serif;\\n\\","    margin: 2rem;\\n\\","}\\n\\","body > * {\\n\\","    margin-bottom: 1rem;\\n\\","}\\n\\",".utility2FooterDiv {\\n\\","    margin-top: 20px;\\n\\","    text-align: center;\\n\\","}\\n\\","</style>\\n\\","<style>\\n\\","/*csslint\\n\\","*/\\n\\","textarea {\\n\\","    font-family: monospace;\\n\\","    height: 10rem;\\n\\","    width: 100%;\\n\\","}\\n\\","textarea[readonly] {\\n\\","    background: #ddd;\\n\\","}\\n\\","</style>\\n\\","</head>\\n\\","<body>\\n\\","<!-- utility2-comment\\n\\","<div id=\"ajaxProgressDiv1\" style=\"background: #d00; height: 2px; left: 0; margin: 0; padding: 0; position: fixed; top: 0; transition: background 0.5s, width 1.5s; width: 25%;\"></div>\\n\\","utility2-comment -->\\n\\","<h1>\\n\\","<!-- utility2-comment\\n\\","    <a\\n\\","        {{#if env.npm_package_homepage}}\\n\\","        href=\"{{env.npm_package_homepage}}\"\\n\\","        {{/if env.npm_package_homepage}}\\n\\","        target=\"_blank\"\\n\\","    >\\n\\","utility2-comment -->\\n\\","        {{env.npm_package_name}} (v{{env.npm_package_version}})\\n\\","<!-- utility2-comment\\n\\","    </a>\\n\\","utility2-comment -->\\n\\","</h1>\\n\\","<h3>{{env.npm_package_description}}</h3>\\n\\","<!-- utility2-comment\\n\\","<h4><a download href=\"assets.app.js\">download standalone app</a></h4>\\n\\","<button class=\"onclick onreset\" id=\"testRunButton1\">run internal test</button><br>\\n\\","<div id=\"testReportDiv1\" style=\"display: none;\"></div>\\n\\","utility2-comment -->\\n\\","\\n\\","\\n\\","\\n\\","<label>stderr and stdout</label>\\n\\","<textarea class=\"resettable\" id=\"outputTextareaStdout1\" readonly></textarea>\\n\\","<!-- utility2-comment\\n\\","{{#if isRollup}}\\n\\","<script src=\"assets.app.js\"></script>\\n\\","{{#unless isRollup}}\\n\\","utility2-comment -->\\n\\","<script src=\"assets.utility2.rollup.js\"></script>\\n\\","<script src=\"jsonp.utility2._stateInit?callback=window.utility2._stateInit\"></script>\\n\\","<script src=\"assets.npmtest_dreamjs.rollup.js\"></script>\\n\\","<script src=\"assets.example.js\"></script>\\n\\","<script src=\"assets.test.js\"></script>\\n\\","<!-- utility2-comment\\n\\","{{/if isRollup}}\\n\\","utility2-comment -->\\n\\","<div class=\"utility2FooterDiv\">\\n\\","    [ this app was created with\\n\\","    <a href=\"https://github.com/kaizhu256/node-utility2\" target=\"_blank\">utility2</a>\\n\\","    ]\\n\\","</div>\\n\\","</body>\\n\\","</html>\\n\\","';","        /* jslint-ignore-end */","        if (local.templateRender) {","            local.assetsDict['/'] = local.templateRender(","                local.assetsDict['/assets.index.template.html'],","                {","                    env: local.objectSetDefault(local.env, {","                        npm_package_description: 'the greatest app in the world!',","                        npm_package_name: 'my-app',","                        npm_package_nameAlias: 'my_app',","                        npm_package_version: '0.0.1'","                    })","                }","            );","        } else {","            local.assetsDict['/'] = local.assetsDict['/assets.index.template.html']","                .replace((/\\{\\{env\\.(\\w+?)\\}\\}/g), function (match0, match1) {","                    // jslint-hack","                    String(match0);","                    switch (match1) {","                    case 'npm_package_description':","                        return 'the greatest app in the world!';","                    case 'npm_package_name':","                        return 'my-app';","                    case 'npm_package_nameAlias':","                        return 'my_app';","                    case 'npm_package_version':","                        return '0.0.1';","                    }","                });","        }","        // run the cli","        if (local.global.utility2_rollup || module !== require.main) {","            break;","        }","        local.assetsDict['/assets.example.js'] =","            local.assetsDict['/assets.example.js'] ||","            local.fs.readFileSync(__filename, 'utf8');","        // bug-workaround - long $npm_package_buildCustomOrg","        /* jslint-ignore-begin */","        local.assetsDict['/assets.npmtest_dreamjs.rollup.js'] =","            local.assetsDict['/assets.npmtest_dreamjs.rollup.js'] ||","            local.fs.readFileSync(","                local.npmtest_dreamjs.__dirname + '/lib.npmtest_dreamjs.js',","                'utf8'","            ).replace((/^#!/), '//');","        /* jslint-ignore-end */","        local.assetsDict['/favicon.ico'] = local.assetsDict['/favicon.ico'] || '';","        // if $npm_config_timeout_exit exists,","        // then exit this process after $npm_config_timeout_exit ms","        if (Number(process.env.npm_config_timeout_exit)) {","            setTimeout(process.exit, Number(process.env.npm_config_timeout_exit));","        }","        // start server","        if (local.global.utility2_serverHttp1) {","            break;","        }","        process.env.PORT = process.env.PORT || '8081';","        console.error('server starting on port ' + process.env.PORT);","        local.http.createServer(function (request, response) {","            request.urlParsed = local.url.parse(request.url);","            if (local.assetsDict[request.urlParsed.pathname] !== undefined) {","                response.end(local.assetsDict[request.urlParsed.pathname]);","                return;","            }","            response.statusCode = 404;","            response.end();","        }).listen(process.env.PORT);","        break;","    }","}());",""],"l":{"26":2,"28":2,"33":2,"35":2,"37":2,"38":2,"39":2,"44":1,"51":2,"55":2,"59":2,"61":2,"69":1,"70":2,"76":2,"79":2,"82":2,"83":2,"85":1,"89":2,"92":1,"93":1,"94":1,"96":1,"97":1,"100":1,"101":1,"103":1,"106":1,"108":2,"114":1,"116":1,"118":1,"123":1,"124":2,"125":2,"126":3,"127":3,"128":3,"129":3,"130":1,"133":3,"134":3,"139":3,"143":1,"144":3,"145":1,"149":1,"150":1,"158":1,"160":1,"161":1,"162":1,"164":1,"166":1,"258":1,"259":1,"271":1,"274":6,"275":6,"277":1,"279":2,"281":1,"283":2,"288":1,"289":1,"291":1,"296":1,"303":1,"306":1,"307":1,"310":1,"311":1,"313":1,"314":1,"315":1,"316":1,"317":1,"318":1,"319":1,"321":1,"322":1,"324":1}},"/home/travis/build/npmtest/node-npmtest-dreamjs/node_modules/dreamjs/dream.js":{"path":"/home/travis/build/npmtest/node-npmtest-dreamjs/node_modules/dreamjs/dream.js","s":{"1":1,"2":1,"3":1,"4":1,"5":1,"6":1,"7":0,"8":0,"9":0,"10":0,"11":0,"12":0,"13":0,"14":1,"15":0,"16":1,"17":1,"18":1,"19":1,"20":1,"21":1,"22":0,"23":0,"24":1,"25":0,"26":0,"27":0,"28":0,"29":0,"30":0,"31":0,"32":1,"33":0,"34":0,"35":1,"36":0,"37":0,"38":0,"39":0,"40":0,"41":0,"42":0,"43":0,"44":0,"45":0,"46":0,"47":0,"48":0,"49":0,"50":0,"51":0,"52":0,"53":0,"54":0,"55":0,"56":0,"57":0,"58":0,"59":1,"60":0,"61":0,"62":0,"63":0,"64":0,"65":0,"66":0,"67":0,"68":0,"69":0,"70":0,"71":0,"72":1,"73":0,"74":0,"75":1,"76":0,"77":0,"78":0,"79":0,"80":0,"81":0,"82":0,"83":1,"84":0,"85":0,"86":0,"87":0,"88":0,"89":0,"90":0,"91":0,"92":0,"93":0,"94":0,"95":0,"96":0,"97":0,"98":1,"99":0,"100":0,"101":0,"102":0,"103":0,"104":0,"105":0,"106":0,"107":0,"108":0,"109":1,"110":0,"111":1,"112":0,"113":0,"114":0,"115":0,"116":0,"117":0,"118":1,"119":0,"120":0,"121":0,"122":0,"123":0,"124":0,"125":0,"126":0,"127":0,"128":0,"129":0,"130":0,"131":0,"132":0,"133":0,"134":1,"135":0,"136":0,"137":0,"138":0,"139":0,"140":0,"141":0,"142":0,"143":1,"144":0,"145":0,"146":0,"147":0,"148":0,"149":1,"150":0,"151":0,"152":0,"153":1,"154":0,"155":0,"156":0,"157":0,"158":0,"159":1,"160":0,"161":0,"162":0,"163":0,"164":0,"165":0,"166":0,"167":0,"168":0,"169":0,"170":0,"171":0,"172":0,"173":1,"174":0,"175":0,"176":0,"177":0,"178":0,"179":0,"180":0,"181":0,"182":0,"183":0,"184":0,"185":0,"186":0,"187":1,"188":0,"189":0,"190":0,"191":0,"192":0,"193":0,"194":0,"195":0,"196":0,"197":1,"198":0,"199":0,"200":0,"201":0,"202":0,"203":0,"204":0,"205":0,"206":0,"207":1,"208":0,"209":1,"210":0,"211":1,"212":0,"213":1,"214":0,"215":1},"b":{"1":[0,0,0],"2":[0,0],"3":[0,0],"4":[0,0],"5":[0,0],"6":[0,0],"7":[0,0],"8":[0,0],"9":[0,0],"10":[0,0],"11":[0,0],"12":[0,0],"13":[0,0],"14":[0,0],"15":[0,0],"16":[0,0],"17":[0,0],"18":[0,0],"19":[0,0],"20":[0,0],"21":[0,0],"22":[0,0],"23":[0,0],"24":[0,0],"25":[0,0],"26":[0,0],"27":[0,0],"28":[0,0],"29":[0,0],"30":[0,0],"31":[0,0],"32":[0,0],"33":[0,0],"34":[0,0],"35":[0,0],"36":[0,0],"37":[0,0],"38":[0,0],"39":[0,0],"40":[0,0],"41":[0,0],"42":[0,0],"43":[0,0]},"f":{"1":0,"2":0,"3":0,"4":0,"5":0,"6":0,"7":0,"8":0,"9":0,"10":1,"11":0,"12":0,"13":0,"14":0,"15":0,"16":0,"17":0,"18":0,"19":0,"20":0,"21":0,"22":0,"23":0,"24":0,"25":0,"26":0,"27":0,"28":0,"29":0,"30":0,"31":0,"32":0,"33":0,"34":0,"35":0,"36":0,"37":0,"38":0,"39":0,"40":0,"41":0,"42":0},"fnMap":{"1":{"name":"(anonymous_1)","line":12,"loc":{"start":{"line":12,"column":16},"end":{"line":12,"column":27}}},"2":{"name":"(anonymous_2)","line":18,"loc":{"start":{"line":18,"column":16},"end":{"line":18,"column":27}}},"3":{"name":"(anonymous_3)","line":24,"loc":{"start":{"line":24,"column":16},"end":{"line":24,"column":27}}},"4":{"name":"(anonymous_4)","line":30,"loc":{"start":{"line":30,"column":16},"end":{"line":30,"column":27}}},"5":{"name":"(anonymous_5)","line":36,"loc":{"start":{"line":36,"column":16},"end":{"line":36,"column":27}}},"6":{"name":"(anonymous_6)","line":42,"loc":{"start":{"line":42,"column":16},"end":{"line":42,"column":27}}},"7":{"name":"(anonymous_7)","line":48,"loc":{"start":{"line":48,"column":16},"end":{"line":48,"column":27}}},"8":{"name":"(anonymous_8)","line":49,"loc":{"start":{"line":49,"column":13},"end":{"line":49,"column":24}}},"9":{"name":"(anonymous_9)","line":56,"loc":{"start":{"line":56,"column":9},"end":{"line":56,"column":30}}},"10":{"name":"Dream","line":72,"loc":{"start":{"line":72,"column":0},"end":{"line":72,"column":17}}},"11":{"name":"(anonymous_11)","line":76,"loc":{"start":{"line":76,"column":23},"end":{"line":76,"column":40}}},"12":{"name":"useSchema","line":81,"loc":{"start":{"line":81,"column":19},"end":{"line":81,"column":46}}},"13":{"name":"input","line":93,"loc":{"start":{"line":93,"column":15},"end":{"line":93,"column":37}}},"14":{"name":"(anonymous_14)","line":98,"loc":{"start":{"line":98,"column":24},"end":{"line":98,"column":35}}},"15":{"name":"(anonymous_15)","line":109,"loc":{"start":{"line":109,"column":17},"end":{"line":109,"column":36}}},"16":{"name":"(anonymous_16)","line":138,"loc":{"start":{"line":138,"column":20},"end":{"line":138,"column":51}}},"17":{"name":"(anonymous_17)","line":147,"loc":{"start":{"line":147,"column":20},"end":{"line":147,"column":31}}},"18":{"name":"(anonymous_18)","line":159,"loc":{"start":{"line":159,"column":20},"end":{"line":159,"column":31}}},"19":{"name":"(anonymous_19)","line":170,"loc":{"start":{"line":170,"column":17},"end":{"line":170,"column":28}}},"20":{"name":"output","line":175,"loc":{"start":{"line":175,"column":16},"end":{"line":175,"column":42}}},"21":{"name":"schema","line":190,"loc":{"start":{"line":190,"column":16},"end":{"line":190,"column":39}}},"22":{"name":"generate","line":222,"loc":{"start":{"line":222,"column":18},"end":{"line":222,"column":64}}},"23":{"name":"generateRnd","line":239,"loc":{"start":{"line":239,"column":21},"end":{"line":239,"column":50}}},"24":{"name":"addOrReplace","line":243,"loc":{"start":{"line":243,"column":2},"end":{"line":243,"column":42}}},"25":{"name":"guessCustomTypes","line":256,"loc":{"start":{"line":256,"column":2},"end":{"line":256,"column":42}}},"26":{"name":"(anonymous_26)","line":260,"loc":{"start":{"line":260,"column":26},"end":{"line":260,"column":47}}},"27":{"name":"(anonymous_27)","line":263,"loc":{"start":{"line":263,"column":24},"end":{"line":263,"column":39}}},"28":{"name":"validateAndReturnSchema","line":286,"loc":{"start":{"line":286,"column":2},"end":{"line":286,"column":43}}},"29":{"name":"selectAvailableSchema","line":304,"loc":{"start":{"line":304,"column":2},"end":{"line":304,"column":35}}},"30":{"name":"generateOutput","line":316,"loc":{"start":{"line":316,"column":2},"end":{"line":316,"column":28}}},"31":{"name":"generateOutputFromSchema","line":325,"loc":{"start":{"line":325,"column":2},"end":{"line":325,"column":60}}},"32":{"name":"(anonymous_32)","line":329,"loc":{"start":{"line":329,"column":32},"end":{"line":329,"column":53}}},"33":{"name":"getValueFromType","line":336,"loc":{"start":{"line":336,"column":2},"end":{"line":336,"column":58}}},"34":{"name":"stringHandle","line":370,"loc":{"start":{"line":370,"column":4},"end":{"line":370,"column":28}}},"35":{"name":"functionHandle","line":395,"loc":{"start":{"line":395,"column":4},"end":{"line":395,"column":30}}},"36":{"name":"objHandle","line":414,"loc":{"start":{"line":414,"column":4},"end":{"line":414,"column":25}}},"37":{"name":"(anonymous_37)","line":417,"loc":{"start":{"line":417,"column":29},"end":{"line":417,"column":44}}},"38":{"name":"(anonymous_38)","line":423,"loc":{"start":{"line":423,"column":30},"end":{"line":423,"column":51}}},"39":{"name":"defaultHandle","line":432,"loc":{"start":{"line":432,"column":4},"end":{"line":432,"column":29}}},"40":{"name":"isValidSchema","line":438,"loc":{"start":{"line":438,"column":2},"end":{"line":438,"column":33}}},"41":{"name":"thereIsSchema","line":442,"loc":{"start":{"line":442,"column":2},"end":{"line":442,"column":27}}},"42":{"name":"isNative","line":446,"loc":{"start":{"line":446,"column":2},"end":{"line":446,"column":24}}}},"statementMap":{"1":{"start":{"line":3,"column":0},"end":{"line":3,"column":26}},"2":{"start":{"line":4,"column":0},"end":{"line":4,"column":33}},"3":{"start":{"line":5,"column":0},"end":{"line":5,"column":40}},"4":{"start":{"line":6,"column":0},"end":{"line":6,"column":37}},"5":{"start":{"line":8,"column":0},"end":{"line":8,"column":18}},"6":{"start":{"line":9,"column":0},"end":{"line":52,"column":2}},"7":{"start":{"line":13,"column":6},"end":{"line":13,"column":30}},"8":{"start":{"line":19,"column":6},"end":{"line":19,"column":27}},"9":{"start":{"line":25,"column":6},"end":{"line":25,"column":18}},"10":{"start":{"line":31,"column":6},"end":{"line":31,"column":29}},"11":{"start":{"line":37,"column":6},"end":{"line":37,"column":16}},"12":{"start":{"line":43,"column":6},"end":{"line":43,"column":16}},"13":{"start":{"line":49,"column":6},"end":{"line":49,"column":28}},"14":{"start":{"line":54,"column":0},"end":{"line":59,"column":2}},"15":{"start":{"line":57,"column":4},"end":{"line":57,"column":32}},"16":{"start":{"line":61,"column":0},"end":{"line":63,"column":2}},"17":{"start":{"line":65,"column":0},"end":{"line":70,"column":2}},"18":{"start":{"line":72,"column":0},"end":{"line":450,"column":1}},"19":{"start":{"line":73,"column":2},"end":{"line":73,"column":18}},"20":{"start":{"line":74,"column":2},"end":{"line":74,"column":35}},"21":{"start":{"line":76,"column":2},"end":{"line":79,"column":4}},"22":{"start":{"line":77,"column":4},"end":{"line":77,"column":53}},"23":{"start":{"line":78,"column":4},"end":{"line":78,"column":16}},"24":{"start":{"line":81,"column":2},"end":{"line":91,"column":4}},"25":{"start":{"line":82,"column":4},"end":{"line":82,"column":20}},"26":{"start":{"line":83,"column":4},"end":{"line":83,"column":22}},"27":{"start":{"line":85,"column":4},"end":{"line":85,"column":50}},"28":{"start":{"line":86,"column":4},"end":{"line":86,"column":32}},"29":{"start":{"line":87,"column":4},"end":{"line":87,"column":38}},"30":{"start":{"line":88,"column":4},"end":{"line":88,"column":48}},"31":{"start":{"line":90,"column":4},"end":{"line":90,"column":25}},"32":{"start":{"line":93,"column":2},"end":{"line":96,"column":4}},"33":{"start":{"line":94,"column":4},"end":{"line":94,"column":36}},"34":{"start":{"line":95,"column":4},"end":{"line":95,"column":18}},"35":{"start":{"line":98,"column":2},"end":{"line":136,"column":4}},"36":{"start":{"line":99,"column":4},"end":{"line":99,"column":22}},"37":{"start":{"line":100,"column":4},"end":{"line":100,"column":24}},"38":{"start":{"line":101,"column":4},"end":{"line":101,"column":23}},"39":{"start":{"line":102,"column":4},"end":{"line":102,"column":27}},"40":{"start":{"line":103,"column":4},"end":{"line":103,"column":32}},"41":{"start":{"line":104,"column":4},"end":{"line":104,"column":18}},"42":{"start":{"line":105,"column":4},"end":{"line":105,"column":18}},"43":{"start":{"line":107,"column":4},"end":{"line":107,"column":48}},"44":{"start":{"line":109,"column":4},"end":{"line":121,"column":7}},"45":{"start":{"line":110,"column":6},"end":{"line":120,"column":7}},"46":{"start":{"line":112,"column":10},"end":{"line":112,"column":32}},"47":{"start":{"line":113,"column":10},"end":{"line":113,"column":16}},"48":{"start":{"line":115,"column":10},"end":{"line":115,"column":31}},"49":{"start":{"line":116,"column":10},"end":{"line":116,"column":16}},"50":{"start":{"line":118,"column":10},"end":{"line":118,"column":37}},"51":{"start":{"line":119,"column":10},"end":{"line":119,"column":16}},"52":{"start":{"line":123,"column":4},"end":{"line":123,"column":57}},"53":{"start":{"line":124,"column":4},"end":{"line":124,"column":61}},"54":{"start":{"line":126,"column":4},"end":{"line":129,"column":6}},"55":{"start":{"line":131,"column":4},"end":{"line":133,"column":5}},"56":{"start":{"line":132,"column":6},"end":{"line":132,"column":57}},"57":{"start":{"line":134,"column":4},"end":{"line":134,"column":38}},"58":{"start":{"line":135,"column":4},"end":{"line":135,"column":16}},"59":{"start":{"line":138,"column":2},"end":{"line":168,"column":4}},"60":{"start":{"line":139,"column":4},"end":{"line":139,"column":27}},"61":{"start":{"line":140,"column":4},"end":{"line":140,"column":22}},"62":{"start":{"line":142,"column":4},"end":{"line":142,"column":74}},"63":{"start":{"line":144,"column":4},"end":{"line":163,"column":5}},"64":{"start":{"line":145,"column":6},"end":{"line":150,"column":8}},"65":{"start":{"line":148,"column":10},"end":{"line":148,"column":47}},"66":{"start":{"line":151,"column":11},"end":{"line":163,"column":5}},"67":{"start":{"line":152,"column":6},"end":{"line":155,"column":8}},"68":{"start":{"line":157,"column":6},"end":{"line":162,"column":8}},"69":{"start":{"line":160,"column":10},"end":{"line":160,"column":41}},"70":{"start":{"line":165,"column":4},"end":{"line":165,"column":46}},"71":{"start":{"line":167,"column":4},"end":{"line":167,"column":16}},"72":{"start":{"line":170,"column":2},"end":{"line":173,"column":4}},"73":{"start":{"line":171,"column":4},"end":{"line":171,"column":24}},"74":{"start":{"line":172,"column":4},"end":{"line":172,"column":32}},"75":{"start":{"line":175,"column":2},"end":{"line":188,"column":4}},"76":{"start":{"line":176,"column":4},"end":{"line":176,"column":15}},"77":{"start":{"line":178,"column":4},"end":{"line":178,"column":46}},"78":{"start":{"line":179,"column":4},"end":{"line":179,"column":19}},"79":{"start":{"line":181,"column":4},"end":{"line":186,"column":5}},"80":{"start":{"line":182,"column":6},"end":{"line":182,"column":29}},"81":{"start":{"line":183,"column":6},"end":{"line":183,"column":18}},"82":{"start":{"line":185,"column":6},"end":{"line":185,"column":20}},"83":{"start":{"line":190,"column":2},"end":{"line":220,"column":4}},"84":{"start":{"line":191,"column":4},"end":{"line":191,"column":24}},"85":{"start":{"line":192,"column":4},"end":{"line":192,"column":18}},"86":{"start":{"line":193,"column":4},"end":{"line":193,"column":18}},"87":{"start":{"line":195,"column":4},"end":{"line":195,"column":48}},"88":{"start":{"line":197,"column":4},"end":{"line":204,"column":5}},"89":{"start":{"line":198,"column":6},"end":{"line":201,"column":8}},"90":{"start":{"line":203,"column":6},"end":{"line":203,"column":24}},"91":{"start":{"line":206,"column":4},"end":{"line":206,"column":57}},"92":{"start":{"line":208,"column":4},"end":{"line":217,"column":5}},"93":{"start":{"line":209,"column":6},"end":{"line":209,"column":45}},"94":{"start":{"line":212,"column":6},"end":{"line":212,"column":46}},"95":{"start":{"line":214,"column":6},"end":{"line":216,"column":7}},"96":{"start":{"line":215,"column":8},"end":{"line":215,"column":47}},"97":{"start":{"line":219,"column":4},"end":{"line":219,"column":16}},"98":{"start":{"line":222,"column":2},"end":{"line":237,"column":4}},"99":{"start":{"line":223,"column":4},"end":{"line":223,"column":19}},"100":{"start":{"line":224,"column":4},"end":{"line":224,"column":33}},"101":{"start":{"line":225,"column":4},"end":{"line":225,"column":25}},"102":{"start":{"line":227,"column":4},"end":{"line":227,"column":31}},"103":{"start":{"line":229,"column":4},"end":{"line":233,"column":5}},"104":{"start":{"line":230,"column":6},"end":{"line":230,"column":89}},"105":{"start":{"line":231,"column":6},"end":{"line":231,"column":35}},"106":{"start":{"line":232,"column":6},"end":{"line":232,"column":39}},"107":{"start":{"line":235,"column":4},"end":{"line":235,"column":75}},"108":{"start":{"line":236,"column":4},"end":{"line":236,"column":16}},"109":{"start":{"line":239,"column":2},"end":{"line":241,"column":4}},"110":{"start":{"line":240,"column":4},"end":{"line":240,"column":39}},"111":{"start":{"line":243,"column":2},"end":{"line":254,"column":3}},"112":{"start":{"line":244,"column":4},"end":{"line":244,"column":14}},"113":{"start":{"line":246,"column":4},"end":{"line":246,"column":75}},"114":{"start":{"line":247,"column":4},"end":{"line":251,"column":5}},"115":{"start":{"line":248,"column":6},"end":{"line":248,"column":40}},"116":{"start":{"line":250,"column":6},"end":{"line":250,"column":28}},"117":{"start":{"line":253,"column":4},"end":{"line":253,"column":22}},"118":{"start":{"line":256,"column":2},"end":{"line":284,"column":3}},"119":{"start":{"line":257,"column":4},"end":{"line":257,"column":25}},"120":{"start":{"line":258,"column":4},"end":{"line":258,"column":27}},"121":{"start":{"line":260,"column":4},"end":{"line":281,"column":7}},"122":{"start":{"line":261,"column":6},"end":{"line":280,"column":7}},"123":{"start":{"line":262,"column":8},"end":{"line":273,"column":9}},"124":{"start":{"line":263,"column":10},"end":{"line":269,"column":13}},"125":{"start":{"line":264,"column":12},"end":{"line":268,"column":13}},"126":{"start":{"line":265,"column":14},"end":{"line":265,"column":57}},"127":{"start":{"line":267,"column":14},"end":{"line":267,"column":50}},"128":{"start":{"line":270,"column":10},"end":{"line":270,"column":44}},"129":{"start":{"line":272,"column":10},"end":{"line":272,"column":54}},"130":{"start":{"line":275,"column":8},"end":{"line":275,"column":74}},"131":{"start":{"line":277,"column":8},"end":{"line":279,"column":9}},"132":{"start":{"line":278,"column":10},"end":{"line":278,"column":45}},"133":{"start":{"line":283,"column":4},"end":{"line":283,"column":24}},"134":{"start":{"line":286,"column":2},"end":{"line":302,"column":3}},"135":{"start":{"line":287,"column":4},"end":{"line":287,"column":45}},"136":{"start":{"line":287,"column":31},"end":{"line":287,"column":45}},"137":{"start":{"line":289,"column":4},"end":{"line":292,"column":5}},"138":{"start":{"line":290,"column":6},"end":{"line":290,"column":64}},"139":{"start":{"line":291,"column":6},"end":{"line":291,"column":71}},"140":{"start":{"line":294,"column":4},"end":{"line":299,"column":5}},"141":{"start":{"line":295,"column":6},"end":{"line":298,"column":8}},"142":{"start":{"line":301,"column":4},"end":{"line":301,"column":26}},"143":{"start":{"line":304,"column":2},"end":{"line":314,"column":3}},"144":{"start":{"line":305,"column":4},"end":{"line":307,"column":5}},"145":{"start":{"line":306,"column":6},"end":{"line":306,"column":34}},"146":{"start":{"line":309,"column":4},"end":{"line":311,"column":5}},"147":{"start":{"line":310,"column":6},"end":{"line":310,"column":25}},"148":{"start":{"line":313,"column":4},"end":{"line":313,"column":26}},"149":{"start":{"line":316,"column":2},"end":{"line":323,"column":3}},"150":{"start":{"line":317,"column":4},"end":{"line":321,"column":5}},"151":{"start":{"line":318,"column":6},"end":{"line":318,"column":60}},"152":{"start":{"line":320,"column":6},"end":{"line":320,"column":28}},"153":{"start":{"line":325,"column":2},"end":{"line":334,"column":3}},"154":{"start":{"line":326,"column":4},"end":{"line":326,"column":26}},"155":{"start":{"line":327,"column":4},"end":{"line":327,"column":54}},"156":{"start":{"line":329,"column":4},"end":{"line":331,"column":7}},"157":{"start":{"line":330,"column":6},"end":{"line":330,"column":66}},"158":{"start":{"line":333,"column":4},"end":{"line":333,"column":24}},"159":{"start":{"line":336,"column":2},"end":{"line":436,"column":3}},"160":{"start":{"line":337,"column":4},"end":{"line":337,"column":27}},"161":{"start":{"line":338,"column":4},"end":{"line":338,"column":29}},"162":{"start":{"line":339,"column":4},"end":{"line":339,"column":23}},"163":{"start":{"line":340,"column":4},"end":{"line":340,"column":24}},"164":{"start":{"line":341,"column":4},"end":{"line":341,"column":25}},"165":{"start":{"line":342,"column":4},"end":{"line":342,"column":23}},"166":{"start":{"line":343,"column":4},"end":{"line":351,"column":8}},"167":{"start":{"line":353,"column":4},"end":{"line":359,"column":5}},"168":{"start":{"line":354,"column":6},"end":{"line":358,"column":7}},"169":{"start":{"line":355,"column":8},"end":{"line":355,"column":47}},"170":{"start":{"line":357,"column":8},"end":{"line":357,"column":65}},"171":{"start":{"line":361,"column":4},"end":{"line":366,"column":6}},"172":{"start":{"line":368,"column":4},"end":{"line":368,"column":76}},"173":{"start":{"line":370,"column":4},"end":{"line":393,"column":5}},"174":{"start":{"line":371,"column":6},"end":{"line":371,"column":16}},"175":{"start":{"line":372,"column":6},"end":{"line":372,"column":70}},"176":{"start":{"line":373,"column":6},"end":{"line":373,"column":66}},"177":{"start":{"line":375,"column":6},"end":{"line":384,"column":7}},"178":{"start":{"line":376,"column":8},"end":{"line":376,"column":61}},"179":{"start":{"line":377,"column":8},"end":{"line":377,"column":72}},"180":{"start":{"line":379,"column":8},"end":{"line":383,"column":9}},"181":{"start":{"line":380,"column":10},"end":{"line":380,"column":30}},"182":{"start":{"line":382,"column":10},"end":{"line":382,"column":125}},"183":{"start":{"line":386,"column":6},"end":{"line":390,"column":7}},"184":{"start":{"line":387,"column":8},"end":{"line":387,"column":31}},"185":{"start":{"line":389,"column":8},"end":{"line":389,"column":49}},"186":{"start":{"line":392,"column":6},"end":{"line":392,"column":19}},"187":{"start":{"line":395,"column":4},"end":{"line":412,"column":5}},"188":{"start":{"line":396,"column":6},"end":{"line":396,"column":16}},"189":{"start":{"line":397,"column":6},"end":{"line":397,"column":38}},"190":{"start":{"line":399,"column":6},"end":{"line":410,"column":7}},"191":{"start":{"line":400,"column":8},"end":{"line":400,"column":41}},"192":{"start":{"line":403,"column":8},"end":{"line":408,"column":9}},"193":{"start":{"line":404,"column":10},"end":{"line":404,"column":85}},"194":{"start":{"line":405,"column":10},"end":{"line":405,"column":90}},"195":{"start":{"line":407,"column":10},"end":{"line":407,"column":102}},"196":{"start":{"line":411,"column":6},"end":{"line":411,"column":18}},"197":{"start":{"line":414,"column":4},"end":{"line":430,"column":5}},"198":{"start":{"line":415,"column":6},"end":{"line":415,"column":16}},"199":{"start":{"line":416,"column":6},"end":{"line":428,"column":7}},"200":{"start":{"line":417,"column":8},"end":{"line":419,"column":11}},"201":{"start":{"line":418,"column":10},"end":{"line":418,"column":83}},"202":{"start":{"line":421,"column":8},"end":{"line":421,"column":30}},"203":{"start":{"line":423,"column":8},"end":{"line":425,"column":11}},"204":{"start":{"line":424,"column":10},"end":{"line":424,"column":87}},"205":{"start":{"line":427,"column":8},"end":{"line":427,"column":32}},"206":{"start":{"line":429,"column":6},"end":{"line":429,"column":19}},"207":{"start":{"line":432,"column":4},"end":{"line":434,"column":5}},"208":{"start":{"line":433,"column":6},"end":{"line":433,"column":34}},"209":{"start":{"line":438,"column":2},"end":{"line":440,"column":3}},"210":{"start":{"line":439,"column":4},"end":{"line":439,"column":60}},"211":{"start":{"line":442,"column":2},"end":{"line":444,"column":3}},"212":{"start":{"line":443,"column":4},"end":{"line":443,"column":31}},"213":{"start":{"line":446,"column":2},"end":{"line":448,"column":3}},"214":{"start":{"line":447,"column":4},"end":{"line":447,"column":95}},"215":{"start":{"line":452,"column":0},"end":{"line":452,"column":29}}},"branchMap":{"1":{"line":110,"type":"switch","locations":[{"start":{"line":111,"column":8},"end":{"line":113,"column":16}},{"start":{"line":114,"column":8},"end":{"line":116,"column":16}},{"start":{"line":117,"column":8},"end":{"line":119,"column":16}}]},"2":{"line":124,"type":"binary-expr","locations":[{"start":{"line":124,"column":35},"end":{"line":124,"column":53}},{"start":{"line":124,"column":57},"end":{"line":124,"column":59}}]},"3":{"line":127,"type":"binary-expr","locations":[{"start":{"line":127,"column":12},"end":{"line":127,"column":22}},{"start":{"line":127,"column":26},"end":{"line":127,"column":35}}]},"4":{"line":131,"type":"if","locations":[{"start":{"line":131,"column":4},"end":{"line":131,"column":4}},{"start":{"line":131,"column":4},"end":{"line":131,"column":4}}]},"5":{"line":142,"type":"cond-expr","locations":[{"start":{"line":142,"column":53},"end":{"line":142,"column":61}},{"start":{"line":142,"column":64},"end":{"line":142,"column":73}}]},"6":{"line":144,"type":"if","locations":[{"start":{"line":144,"column":4},"end":{"line":144,"column":4}},{"start":{"line":144,"column":4},"end":{"line":144,"column":4}}]},"7":{"line":151,"type":"if","locations":[{"start":{"line":151,"column":11},"end":{"line":151,"column":11}},{"start":{"line":151,"column":11},"end":{"line":151,"column":11}}]},"8":{"line":178,"type":"binary-expr","locations":[{"start":{"line":178,"column":13},"end":{"line":178,"column":25}},{"start":{"line":178,"column":29},"end":{"line":178,"column":45}}]},"9":{"line":181,"type":"if","locations":[{"start":{"line":181,"column":4},"end":{"line":181,"column":4}},{"start":{"line":181,"column":4},"end":{"line":181,"column":4}}]},"10":{"line":197,"type":"if","locations":[{"start":{"line":197,"column":4},"end":{"line":197,"column":4}},{"start":{"line":197,"column":4},"end":{"line":197,"column":4}}]},"11":{"line":199,"type":"cond-expr","locations":[{"start":{"line":199,"column":46},"end":{"line":199,"column":58}},{"start":{"line":199,"column":61},"end":{"line":199,"column":70}}]},"12":{"line":200,"type":"cond-expr","locations":[{"start":{"line":200,"column":48},"end":{"line":200,"column":60}},{"start":{"line":200,"column":63},"end":{"line":200,"column":65}}]},"13":{"line":208,"type":"if","locations":[{"start":{"line":208,"column":4},"end":{"line":208,"column":4}},{"start":{"line":208,"column":4},"end":{"line":208,"column":4}}]},"14":{"line":214,"type":"if","locations":[{"start":{"line":214,"column":6},"end":{"line":214,"column":6}},{"start":{"line":214,"column":6},"end":{"line":214,"column":6}}]},"15":{"line":224,"type":"binary-expr","locations":[{"start":{"line":224,"column":21},"end":{"line":224,"column":27}},{"start":{"line":224,"column":31},"end":{"line":224,"column":32}}]},"16":{"line":235,"type":"cond-expr","locations":[{"start":{"line":235,"column":46},"end":{"line":235,"column":60}},{"start":{"line":235,"column":63},"end":{"line":235,"column":74}}]},"17":{"line":247,"type":"if","locations":[{"start":{"line":247,"column":4},"end":{"line":247,"column":4}},{"start":{"line":247,"column":4},"end":{"line":247,"column":4}}]},"18":{"line":261,"type":"if","locations":[{"start":{"line":261,"column":6},"end":{"line":261,"column":6}},{"start":{"line":261,"column":6},"end":{"line":261,"column":6}}]},"19":{"line":262,"type":"if","locations":[{"start":{"line":262,"column":8},"end":{"line":262,"column":8}},{"start":{"line":262,"column":8},"end":{"line":262,"column":8}}]},"20":{"line":264,"type":"if","locations":[{"start":{"line":264,"column":12},"end":{"line":264,"column":12}},{"start":{"line":264,"column":12},"end":{"line":264,"column":12}}]},"21":{"line":277,"type":"if","locations":[{"start":{"line":277,"column":8},"end":{"line":277,"column":8}},{"start":{"line":277,"column":8},"end":{"line":277,"column":8}}]},"22":{"line":277,"type":"binary-expr","locations":[{"start":{"line":277,"column":12},"end":{"line":277,"column":58}},{"start":{"line":277,"column":62},"end":{"line":277,"column":92}}]},"23":{"line":287,"type":"if","locations":[{"start":{"line":287,"column":4},"end":{"line":287,"column":4}},{"start":{"line":287,"column":4},"end":{"line":287,"column":4}}]},"24":{"line":289,"type":"if","locations":[{"start":{"line":289,"column":4},"end":{"line":289,"column":4}},{"start":{"line":289,"column":4},"end":{"line":289,"column":4}}]},"25":{"line":291,"type":"cond-expr","locations":[{"start":{"line":291,"column":42},"end":{"line":291,"column":53}},{"start":{"line":291,"column":56},"end":{"line":291,"column":70}}]},"26":{"line":294,"type":"if","locations":[{"start":{"line":294,"column":4},"end":{"line":294,"column":4}},{"start":{"line":294,"column":4},"end":{"line":294,"column":4}}]},"27":{"line":305,"type":"if","locations":[{"start":{"line":305,"column":4},"end":{"line":305,"column":4}},{"start":{"line":305,"column":4},"end":{"line":305,"column":4}}]},"28":{"line":309,"type":"if","locations":[{"start":{"line":309,"column":4},"end":{"line":309,"column":4}},{"start":{"line":309,"column":4},"end":{"line":309,"column":4}}]},"29":{"line":309,"type":"binary-expr","locations":[{"start":{"line":309,"column":8},"end":{"line":309,"column":23}},{"start":{"line":309,"column":27},"end":{"line":309,"column":48}}]},"30":{"line":317,"type":"if","locations":[{"start":{"line":317,"column":4},"end":{"line":317,"column":4}},{"start":{"line":317,"column":4},"end":{"line":317,"column":4}}]},"31":{"line":353,"type":"if","locations":[{"start":{"line":353,"column":4},"end":{"line":353,"column":4}},{"start":{"line":353,"column":4},"end":{"line":353,"column":4}}]},"32":{"line":354,"type":"if","locations":[{"start":{"line":354,"column":6},"end":{"line":354,"column":6}},{"start":{"line":354,"column":6},"end":{"line":354,"column":6}}]},"33":{"line":368,"type":"binary-expr","locations":[{"start":{"line":368,"column":12},"end":{"line":368,"column":46}},{"start":{"line":368,"column":50},"end":{"line":368,"column":72}}]},"34":{"line":375,"type":"if","locations":[{"start":{"line":375,"column":6},"end":{"line":375,"column":6}},{"start":{"line":375,"column":6},"end":{"line":375,"column":6}}]},"35":{"line":379,"type":"if","locations":[{"start":{"line":379,"column":8},"end":{"line":379,"column":8}},{"start":{"line":379,"column":8},"end":{"line":379,"column":8}}]},"36":{"line":382,"type":"cond-expr","locations":[{"start":{"line":382,"column":76},"end":{"line":382,"column":98}},{"start":{"line":382,"column":101},"end":{"line":382,"column":124}}]},"37":{"line":386,"type":"if","locations":[{"start":{"line":386,"column":6},"end":{"line":386,"column":6}},{"start":{"line":386,"column":6},"end":{"line":386,"column":6}}]},"38":{"line":399,"type":"if","locations":[{"start":{"line":399,"column":6},"end":{"line":399,"column":6}},{"start":{"line":399,"column":6},"end":{"line":399,"column":6}}]},"39":{"line":403,"type":"if","locations":[{"start":{"line":403,"column":8},"end":{"line":403,"column":8}},{"start":{"line":403,"column":8},"end":{"line":403,"column":8}}]},"40":{"line":405,"type":"cond-expr","locations":[{"start":{"line":405,"column":43},"end":{"line":405,"column":72}},{"start":{"line":405,"column":75},"end":{"line":405,"column":89}}]},"41":{"line":407,"type":"cond-expr","locations":[{"start":{"line":407,"column":50},"end":{"line":407,"column":66}},{"start":{"line":407,"column":69},"end":{"line":407,"column":101}}]},"42":{"line":416,"type":"if","locations":[{"start":{"line":416,"column":6},"end":{"line":416,"column":6}},{"start":{"line":416,"column":6},"end":{"line":416,"column":6}}]},"43":{"line":439,"type":"binary-expr","locations":[{"start":{"line":439,"column":11},"end":{"line":439,"column":32}},{"start":{"line":439,"column":36},"end":{"line":439,"column":59}}]}},"code":["'use strict';","","var _ = require('lodash');","var RandExp = require('randexp');","var chance = require('chance').Chance();","var djson = require('describe-json');","","var _schemas = [];","var _customTypes = [","  {","    name: 'number',","    customType: function() {","      return chance.natural();","    }","  },","  {","    name: 'boolean',","    customType: function() {","      return chance.bool();","    }","  },","  {","    name: 'null',","    customType: function() {","      return null;","    }","  },","  {","    name: 'string',","    customType: function() {","      return chance.string();","    }","  },","  {","    name: 'array',","    customType: function() {","      return [];","    }","  },","  {","    name: 'object',","    customType: function() {","      return {};","    }","  },","  {","    name: 'function',","    customType: function() {","      return function() { };","    }","  }","];","","var _dreamHelper = {","  chance: chance,","  oneOf: function(collection) {","    return _.sample(collection);","  }","};","","var _defaultOutput = {","  Dream: 'Hello World'","};","","var _genericSchema = {","  name: 'generic',","  schema: {","    default: String","  }","};","","function Dream() {","  var self = this;","  self._dreamHelper = _dreamHelper;","","  self.defaultSchema = function(schema) {","    _genericSchema = validateAndReturnSchema(schema);","    return self;","  };","","  self.useSchema = function useSchema(schema) {","    var schemaToUse;","    var dreamInstance;","","    schemaToUse = validateAndReturnSchema(schema);","    dreamInstance = new Dream();","    dreamInstance.schema(schemaToUse);","    dreamInstance._selectedSchema = schemaToUse;","","    return dreamInstance;","  };","","  self.input = function input(value) {","    self._dreamHelper.input = value;","    return (self);","  };","","  self.generateSchema = function() {","    var describedJson;","    var schemaName = '';","    var jsonInput = '';","    var validatedJsonInput;","    var guessProperties = false;","    var newSchema;","    var args = [];","","    Array.prototype.push.apply(args, arguments);","","    args.forEach(function(argument) {","      switch (typeof (argument)) {","        case 'string':","          schemaName = argument;","          break;","        case 'object':","          jsonInput = argument;","          break;","        case 'boolean':","          guessProperties = argument;","          break;","      }","    });","","    validatedJsonInput = _.first(_.flatten([jsonInput]));","    describedJson = djson.describe(validatedJsonInput || {});","","    newSchema = {","      name: schemaName || 'generic',","      schema: describedJson","    };","","    if (guessProperties === true) {","      newSchema.schema = guessCustomTypes(describedJson);","    }","    addOrReplace(_schemas, newSchema);","    return self;","  };","","  self.customType = function(typeName, customType) {","    var newCustomType = {};","    var validTypeName;","","    validTypeName = typeof (typeName) === 'string' ? typeName : 'generic';","","    if (customType.constructor === RegExp) {","      newCustomType = {","        name: validTypeName,","        customType: function() {","          return new RandExp(customType).gen();","        }","      };","    } else if (typeof (customType) === 'function') {","      newCustomType = {","        name: validTypeName,","        customType: customType","      };","    } else {","      newCustomType = {","        name: validTypeName,","        customType: function() {","          return '[Invalid Custom Type]';","        }","      };","    }","","    addOrReplace(_customTypes, newCustomType);","","    return self;","  };","","  self.cleanse = function() {","    self._output = null;","    self._selectedSchema = null;","  };","","  self.output = function output(callback) {","    var output;","","    output = self._output || generateOutput();","    self.cleanse();","","    if (typeof (callback) === 'function') {","      callback(null, output);","      return self;","    } else {","      return output;","    }","","  };","","  self.schema = function schema(value) {","    var validatedSchema;","    var newSchema;","    var args = [];","","    Array.prototype.push.apply(args, arguments);","","    if (args.length > 1) {","      newSchema = {","        name: typeof (args[0]) === 'string' ? args.shift() : 'generic',","        schema: typeof (args[0]) === 'object' ? args.shift() : {}","      };","    } else {","      newSchema = value;","    }","","    validatedSchema = validateAndReturnSchema(newSchema);","","    if (validatedSchema.name === 'generic') {","      self._selectedSchema = validatedSchema;","    } else {","","      addOrReplace(_schemas, validatedSchema);","","      if (_schemas.length === 1) {","        self._selectedSchema = validatedSchema;","      }","    }","","    return self;","  };","","  self.generate = function generate(amount, generateRandomData) {","    var outputItem;","    var iterations = amount || 1;","    var outputArray = [];","","    self._currentRecord = null;","","    for (var i = 0; i < iterations; i++) {","      outputItem = generateOutputFromSchema(selectAvailableSchema(), generateRandomData);","      outputArray.push(outputItem);","      self._currentRecord = outputItem;","    }","","    self._output = outputArray.length === 1 ? outputArray[0] : outputArray;","    return self;","  };","","  self.generateRnd = function generateRnd(amount) {","    return self.generate(amount, true);","  };","","  function addOrReplace(collection, item) {","    var index;","","    index = _.indexOf(collection, _.find(collection, { name: item.name }));","    if (index >= 0) {","      collection.splice(index, 1, item);","    } else {","      collection.push(item);","    }","","    return collection;","  };","","  function guessCustomTypes(schemaObject) {","    var customTypeExists;","    var temporaryList = [];","","    _.forIn(schemaObject, function(value, key) {","      if (typeof (value) === 'object') {","        if (Array.isArray(value)) {","          value.forEach(function(item) {","            if (typeof (item) === 'object') {","              temporaryList.push(guessCustomTypes(item));","            } else {","              temporaryList.push(item.toString());","            }","          });","          schemaObject[key] = temporaryList;","        } else {","          schemaObject[key] = guessCustomTypes(value);","        }","      } else {","        customTypeExists = _.find(_customTypes, { name: key.toString() });","","        if (typeof (chance[key.toString()]) === 'function' || customTypeExists !== undefined) {","          schemaObject[key] = key.toString();","        }","      }","    });","","    return schemaObject;","  };","","  function validateAndReturnSchema(schema) {","    if (isValidSchema(schema)) return schema;","","    if (typeof (schema) === 'string') {","      var foundSchema = _.findWhere(_schemas, { name: schema });","      return isValidSchema(foundSchema) ? foundSchema : _genericSchema;","    }","","    if (typeof (schema) === 'object') {","      return {","        name: 'generic',","        schema: schema","      };","    }","","    return _genericSchema;","  };","","  function selectAvailableSchema() {","    if (self._selectedSchema) {","      return self._selectedSchema;","    }","","    if (thereIsSchema() && _schemas.length === 1) {","      return _schemas[0];","    }","","    return _genericSchema;","  };","","  function generateOutput() {","    if (self._selectedSchema) {","      return generateOutputFromSchema(self._selectedSchema);","    } else {","      return _defaultOutput;","    }","","  };","","  function generateOutputFromSchema(schema, generateValues) {","    var outputObject = {};","    var schemaToUse = validateAndReturnSchema(schema);","","    _.forIn(schemaToUse.schema, function(value, key) {","      outputObject[key] = getValueFromType(value, generateValues);","    });","","    return outputObject;","  };","","  function getValueFromType(propertyType, generateValues) {","    var temporaryList = [];","    var temporaryObject = {};","    var temporaryValue;","    var customTypeIndex;","    var customTypeNeedle;","    var context = self;","    var types = {","        'number': Number,","        'string': String,","        'boolean': Boolean,","        'array': Array,","        'object': Object,","        'function': Function,","        'date': Date","      };","","    if (propertyType.constructor === RegExp) {","      if (generateValues) {","        return new RandExp(propertyType).gen();","      } else {","        return types[typeof (new RandExp(propertyType).gen())]();","      }","    }","","    var typesHandle = {","      'string': stringHandle,","      'function': functionHandle,","      'object': objHandle,","      'default': defaultHandle","    };","","    return (typesHandle[typeof (propertyType)] || typesHandle['default'])();","","    function stringHandle() {","      var value;","      customTypeNeedle = _.find(_customTypes, { name: propertyType });","      customTypeIndex = _.indexOf(_customTypes, customTypeNeedle);","","      if (customTypeIndex >= 0) {","        self._dreamHelper.previousItem = self._currentRecord;","        temporaryValue = customTypeNeedle.customType(self._dreamHelper);","      } else {","        if (propertyType === 'array') {","          temporaryValue = [];","        } else {","          temporaryValue = (typeof (chance[propertyType]) === 'function') ? chance[propertyType]() : '[Unknown Custom Type]';","        }","      }","","      if (generateValues) {","        value = temporaryValue;","      } else {","        value = types[typeof (temporaryValue)]();","      }","","      return value;","    }","","    function functionHandle() {","      var value;","      temporaryValue = propertyType();","","      if (propertyType === Date) {","        value = new Date(temporaryValue);","      } else {","","        if (generateValues) {","          customTypeNeedle = _.find(_customTypes, { name: typeof (temporaryValue) });","          value = isNative(propertyType) ? customTypeNeedle.customType() : temporaryValue;","        } else {","          value = Array.isArray(temporaryValue) ? types['array']() : types[typeof (temporaryValue)]();","        }","","      }","      return value","    }","","    function objHandle() {","      var value;","      if (Array.isArray(propertyType)) {","        propertyType.forEach(function(item) {","          temporaryList.push(getValueFromType.call(context, item, generateValues));","        });","","        value = temporaryList;","      } else {","        _.forIn(propertyType, function(value, key) {","          temporaryObject[key] = getValueFromType.call(context, value, generateValues);","        });","","        value = temporaryObject;","      }","      return value;","    }","","    function defaultHandle() {","      return '[Invalid Property]';","    }","","  };","","  function isValidSchema(schema) {","    return _.has(schema, 'name') && _.has(schema, 'schema');","  };","","  function thereIsSchema() {","    return _schemas.length > 0;","  };","","  function isNative(fn) {","    return (/^function\\s*[a-z0-9_\\$]*\\s*\\([^)]*\\)\\s*\\{\\s*\\[native code\\]\\s*\\}/i).test('' + fn);","  }","","}","","module.exports = new Dream();",""],"l":{"3":1,"4":1,"5":1,"6":1,"8":1,"9":1,"13":0,"19":0,"25":0,"31":0,"37":0,"43":0,"49":0,"54":1,"57":0,"61":1,"65":1,"72":1,"73":1,"74":1,"76":1,"77":0,"78":0,"81":1,"82":0,"83":0,"85":0,"86":0,"87":0,"88":0,"90":0,"93":1,"94":0,"95":0,"98":1,"99":0,"100":0,"101":0,"102":0,"103":0,"104":0,"105":0,"107":0,"109":0,"110":0,"112":0,"113":0,"115":0,"116":0,"118":0,"119":0,"123":0,"124":0,"126":0,"131":0,"132":0,"134":0,"135":0,"138":1,"139":0,"140":0,"142":0,"144":0,"145":0,"148":0,"151":0,"152":0,"157":0,"160":0,"165":0,"167":0,"170":1,"171":0,"172":0,"175":1,"176":0,"178":0,"179":0,"181":0,"182":0,"183":0,"185":0,"190":1,"191":0,"192":0,"193":0,"195":0,"197":0,"198":0,"203":0,"206":0,"208":0,"209":0,"212":0,"214":0,"215":0,"219":0,"222":1,"223":0,"224":0,"225":0,"227":0,"229":0,"230":0,"231":0,"232":0,"235":0,"236":0,"239":1,"240":0,"243":1,"244":0,"246":0,"247":0,"248":0,"250":0,"253":0,"256":1,"257":0,"258":0,"260":0,"261":0,"262":0,"263":0,"264":0,"265":0,"267":0,"270":0,"272":0,"275":0,"277":0,"278":0,"283":0,"286":1,"287":0,"289":0,"290":0,"291":0,"294":0,"295":0,"301":0,"304":1,"305":0,"306":0,"309":0,"310":0,"313":0,"316":1,"317":0,"318":0,"320":0,"325":1,"326":0,"327":0,"329":0,"330":0,"333":0,"336":1,"337":0,"338":0,"339":0,"340":0,"341":0,"342":0,"343":0,"353":0,"354":0,"355":0,"357":0,"361":0,"368":0,"370":1,"371":0,"372":0,"373":0,"375":0,"376":0,"377":0,"379":0,"380":0,"382":0,"386":0,"387":0,"389":0,"392":0,"395":1,"396":0,"397":0,"399":0,"400":0,"403":0,"404":0,"405":0,"407":0,"411":0,"414":1,"415":0,"416":0,"417":0,"418":0,"421":0,"423":0,"424":0,"427":0,"429":0,"432":1,"433":0,"438":1,"439":0,"442":1,"443":0,"446":1,"447":0,"452":1}},"/home/travis/build/npmtest/node-npmtest-dreamjs/node_modules/dreamjs/cli.js":{"path":"/home/travis/build/npmtest/node-npmtest-dreamjs/node_modules/dreamjs/cli.js","s":{"1":2,"2":2,"3":0,"4":0,"5":0,"6":0,"7":0,"8":0,"9":0,"10":0,"11":0,"12":0,"13":0,"14":0,"15":0,"16":0,"17":0,"18":0,"19":0,"20":0},"b":{"1":[0,0],"2":[0,0],"3":[0,0],"4":[0,0],"5":[0,0]},"f":{"1":0},"fnMap":{"1":{"name":"(anonymous_1)","line":10,"loc":{"start":{"line":10,"column":21},"end":{"line":10,"column":45}}}},"statementMap":{"1":{"start":{"line":2,"column":0},"end":{"line":2,"column":34}},"2":{"start":{"line":3,"column":0},"end":{"line":3,"column":49}},"3":{"start":{"line":5,"column":0},"end":{"line":5,"column":11}},"4":{"start":{"line":6,"column":0},"end":{"line":6,"column":9}},"5":{"start":{"line":7,"column":0},"end":{"line":7,"column":20}},"6":{"start":{"line":8,"column":0},"end":{"line":8,"column":11}},"7":{"start":{"line":10,"column":0},"end":{"line":28,"column":2}},"8":{"start":{"line":11,"column":1},"end":{"line":13,"column":2}},"9":{"start":{"line":12,"column":2},"end":{"line":12,"column":14}},"10":{"start":{"line":16,"column":1},"end":{"line":19,"column":2}},"11":{"start":{"line":17,"column":2},"end":{"line":17,"column":15}},"12":{"start":{"line":18,"column":2},"end":{"line":18,"column":14}},"13":{"start":{"line":22,"column":1},"end":{"line":25,"column":2}},"14":{"start":{"line":23,"column":2},"end":{"line":23,"column":17}},"15":{"start":{"line":24,"column":2},"end":{"line":24,"column":14}},"16":{"start":{"line":27,"column":1},"end":{"line":27,"column":16}},"17":{"start":{"line":31,"column":0},"end":{"line":35,"column":1}},"18":{"start":{"line":32,"column":1},"end":{"line":32,"column":61}},"19":{"start":{"line":34,"column":1},"end":{"line":34,"column":58}},"20":{"start":{"line":38,"column":0},"end":{"line":38,"column":45}}},"branchMap":{"1":{"line":11,"type":"if","locations":[{"start":{"line":11,"column":1},"end":{"line":11,"column":1}},{"start":{"line":11,"column":1},"end":{"line":11,"column":1}}]},"2":{"line":11,"type":"binary-expr","locations":[{"start":{"line":11,"column":5},"end":{"line":11,"column":15}},{"start":{"line":11,"column":19},"end":{"line":11,"column":29}}]},"3":{"line":16,"type":"if","locations":[{"start":{"line":16,"column":1},"end":{"line":16,"column":1}},{"start":{"line":16,"column":1},"end":{"line":16,"column":1}}]},"4":{"line":22,"type":"if","locations":[{"start":{"line":22,"column":1},"end":{"line":22,"column":1}},{"start":{"line":22,"column":1},"end":{"line":22,"column":1}}]},"5":{"line":31,"type":"if","locations":[{"start":{"line":31,"column":0},"end":{"line":31,"column":0}},{"start":{"line":31,"column":0},"end":{"line":31,"column":0}}]}},"code":["//#!/usr/bin/env node","var dream = require('./dream.js');","var data = require(process.cwd() + '/schema.js');","","var schema;","var reps;","var genRand = false;","var output;","","process.argv.forEach(function (value, index) {","\tif (index == 0 || index == 1) {","\t\treturn true;","\t}","","\t// set repetitions","\tif ( !isNaN(value) ) {","\t\treps = value;","\t\treturn true;","\t}","","\t// fill output","\tif ( value == '-f') {","\t\tgenRand = true;","\t\treturn true;","\t}","","\tschema = value;","})","","","if (genRand) {","\toutput = dream.useSchema(schema).generateRnd(reps).output();","} else {","\toutput = dream.useSchema(schema).generate(reps).output();","}","","","console.log(JSON.stringify(output, null, 4));"],"l":{"2":2,"3":2,"5":0,"6":0,"7":0,"8":0,"10":0,"11":0,"12":0,"16":0,"17":0,"18":0,"22":0,"23":0,"24":0,"27":0,"31":0,"32":0,"34":0,"38":0}}}